epoch	batch	iter	loss	prec1	prec5	lr
1	1	1	1.7210791110992432	17.1875	100.0	0.1
1	2	2	9.383651733398438	23.4375	100.0	0.1
1	3	3	17.920698165893555	18.75	100.0	0.1
1	4	4	17.887496948242188	17.1875	100.0	0.1
1	5	5	15.628623008728027	28.125	100.0	0.1
1	6	6	16.72513198852539	25.0	100.0	0.1
1	7	7	22.123743057250977	21.875	100.0	0.1
1	8	8	20.14182472229004	15.384614944458008	100.0	0.1
2	1	9	17.94426155090332	10.9375	100.0	0.1
2	2	10	12.365877151489258	15.625	100.0	0.1
2	3	11	10.51412296295166	23.4375	100.0	0.1
2	4	12	6.925852298736572	23.4375	100.0	0.1
2	5	13	7.906332969665527	28.125	100.0	0.1
2	6	14	3.7370193004608154	35.9375	100.0	0.1
2	7	15	2.85860276222229	25.0	100.0	0.1
2	8	16	9.892780303955078	15.384614944458008	100.0	0.1
3	1	17	8.375120162963867	25.0	100.0	0.1
3	2	18	4.039783954620361	17.1875	100.0	0.1
3	3	19	5.830864906311035	31.25	100.0	0.1
3	4	20	5.579691410064697	32.8125	100.0	0.1
3	5	21	7.478275299072266	34.375	100.0	0.1
3	6	22	7.205040454864502	40.625	100.0	0.1
3	7	23	6.79953670501709	26.5625	100.0	0.1
3	8	24	4.129014015197754	38.4615364074707	100.0	0.1
4	1	25	4.906686782836914	42.1875	100.0	0.1
4	2	26	4.643178462982178	34.375	100.0	0.1
4	3	27	4.966150760650635	39.0625	100.0	0.1
4	4	28	2.4095964431762695	46.875	100.0	0.1
4	5	29	5.105072498321533	35.9375	100.0	0.1
4	6	30	4.961743354797363	32.8125	100.0	0.1
4	7	31	3.1427969932556152	34.375	100.0	0.1
4	8	32	3.2389895915985107	38.4615364074707	100.0	0.1
5	1	33	3.2482588291168213	40.625	100.0	0.1
5	2	34	3.9122698307037354	37.5	100.0	0.1
5	3	35	1.930363655090332	53.125	100.0	0.1
5	4	36	3.3308801651000977	32.8125	100.0	0.1
5	5	37	2.244281053543091	48.4375	100.0	0.1
5	6	38	3.194868326187134	39.0625	100.0	0.1
5	7	39	3.5524511337280273	35.9375	100.0	0.1
5	8	40	2.7549452781677246	23.076923370361328	100.0	0.1
6	1	41	2.196429967880249	45.3125	100.0	0.1
6	2	42	2.1204209327697754	53.125	100.0	0.1
6	3	43	3.6195905208587646	39.0625	100.0	0.1
6	4	44	2.4173972606658936	50.0	100.0	0.1
6	5	45	1.9560173749923706	53.125	100.0	0.1
6	6	46	1.5330862998962402	57.8125	100.0	0.1
6	7	47	2.9654691219329834	39.0625	100.0	0.1
6	8	48	2.305697441101074	46.153846740722656	100.0	0.1
7	1	49	2.2949624061584473	43.75	100.0	0.1
7	2	50	2.220250368118286	39.0625	100.0	0.1
7	3	51	1.2181559801101685	56.25	100.0	0.1
7	4	52	1.5750807523727417	43.75	100.0	0.1
7	5	53	1.9884446859359741	32.8125	100.0	0.1
7	6	54	1.4623502492904663	39.0625	100.0	0.1
7	7	55	1.3259950876235962	54.6875	100.0	0.1
7	8	56	2.1474950313568115	46.153846740722656	100.0	0.1
8	1	57	1.5115755796432495	51.5625	100.0	0.1
8	2	58	3.0548107624053955	43.75	100.0	0.1
8	3	59	1.5593388080596924	57.8125	100.0	0.1
8	4	60	3.4185233116149902	56.25	100.0	0.1
8	5	61	1.3847272396087646	64.0625	100.0	0.1
8	6	62	2.1140384674072266	56.25	100.0	0.1
8	7	63	1.6559854745864868	48.4375	100.0	0.1
8	8	64	1.3493682146072388	76.9230728149414	100.0	0.1
9	1	65	2.5639822483062744	50.0	100.0	0.1
9	2	66	2.1431121826171875	50.0	100.0	0.1
9	3	67	1.9681551456451416	48.4375	100.0	0.1
9	4	68	1.339637279510498	56.25	100.0	0.1
9	5	69	1.54069983959198	53.125	100.0	0.1
9	6	70	1.7420090436935425	42.1875	100.0	0.1
9	7	71	1.7057411670684814	56.25	100.0	0.1
9	8	72	2.5751867294311523	30.769229888916016	100.0	0.1
10	1	73	1.3688315153121948	57.8125	100.0	0.1
10	2	74	2.015580177307129	48.4375	100.0	0.1
10	3	75	2.128662586212158	46.875	100.0	0.1
10	4	76	1.194455862045288	60.9375	100.0	0.1
10	5	77	1.5761741399765015	42.1875	100.0	0.1
10	6	78	1.5461689233779907	45.3125	100.0	0.1
10	7	79	1.2313542366027832	54.6875	100.0	0.1
10	8	80	0.8982537388801575	53.846153259277344	100.0	0.1
11	1	81	0.9547709822654724	67.1875	100.0	0.1
11	2	82	1.0630097389221191	60.9375	100.0	0.1
11	3	83	1.2726439237594604	71.875	100.0	0.1
11	4	84	1.8032450675964355	51.5625	100.0	0.1
11	5	85	1.7411119937896729	60.9375	100.0	0.1
11	6	86	1.191332221031189	67.1875	100.0	0.1
11	7	87	0.7767295241355896	71.875	100.0	0.1
11	8	88	1.4018208980560303	46.153846740722656	100.0	0.1
12	1	89	1.1109044551849365	53.125	100.0	0.1
12	2	90	1.4153072834014893	71.875	100.0	0.1
12	3	91	1.3156110048294067	54.6875	100.0	0.1
12	4	92	1.3295328617095947	56.25	100.0	0.1
12	5	93	1.0939487218856812	62.5	100.0	0.1
12	6	94	0.938048243522644	65.625	100.0	0.1
12	7	95	1.0744528770446777	67.1875	100.0	0.1
12	8	96	2.959988594055176	30.769229888916016	100.0	0.1
13	1	97	1.3287510871887207	53.125	100.0	0.1
13	2	98	0.8861716985702515	71.875	100.0	0.1
13	3	99	1.3132505416870117	51.5625	100.0	0.1
13	4	100	0.9243821501731873	70.3125	100.0	0.1
13	5	101	1.4580906629562378	51.5625	100.0	0.1
13	6	102	1.0030516386032104	68.75	100.0	0.1
13	7	103	1.203199028968811	60.9375	100.0	0.1
13	8	104	1.3290016651153564	53.846153259277344	100.0	0.1
14	1	105	1.011038899421692	60.9375	100.0	0.1
14	2	106	1.1577168703079224	62.5	100.0	0.1
14	3	107	1.3096225261688232	64.0625	100.0	0.1
14	4	108	0.6805775761604309	71.875	100.0	0.1
14	5	109	0.8760737180709839	78.125	100.0	0.1
14	6	110	0.779288649559021	75.0	100.0	0.1
14	7	111	0.8818249106407166	60.9375	100.0	0.1
14	8	112	0.8514292240142822	61.53845977783203	100.0	0.1
15	1	113	0.973582923412323	70.3125	100.0	0.1
15	2	114	0.7237271666526794	71.875	100.0	0.1
15	3	115	0.8146896362304688	67.1875	100.0	0.1
15	4	116	0.8187034130096436	70.3125	100.0	0.1
15	5	117	0.641185462474823	73.4375	100.0	0.1
15	6	118	0.6835107803344727	73.4375	100.0	0.1
15	7	119	0.6390741467475891	79.6875	100.0	0.1
15	8	120	0.7088053226470947	76.9230728149414	100.0	0.1
16	1	121	0.6644760370254517	76.5625	100.0	0.1
16	2	122	0.5861026048660278	75.0	100.0	0.1
16	3	123	0.722867488861084	73.4375	100.0	0.1
16	4	124	0.9868065714836121	65.625	100.0	0.1
16	5	125	0.5436652898788452	78.125	100.0	0.1
16	6	126	0.5122626423835754	76.5625	100.0	0.1
16	7	127	0.8093518614768982	73.4375	100.0	0.1
16	8	128	0.6354325413703918	76.9230728149414	100.0	0.1
17	1	129	0.7544108033180237	70.3125	100.0	0.1
17	2	130	0.7847473621368408	68.75	100.0	0.1
17	3	131	0.6290640234947205	81.25	100.0	0.1
17	4	132	0.6792244911193848	75.0	100.0	0.1
17	5	133	0.7056224346160889	73.4375	100.0	0.1
17	6	134	0.4383821487426758	79.6875	100.0	0.1
17	7	135	0.40311935544013977	82.8125	100.0	0.1
17	8	136	2.082216739654541	38.4615364074707	100.0	0.1
18	1	137	0.7902956604957581	75.0	100.0	0.1
18	2	138	0.9771301746368408	67.1875	100.0	0.1
18	3	139	0.7728874683380127	73.4375	100.0	0.1
18	4	140	1.1550651788711548	65.625	100.0	0.1
18	5	141	0.8690379858016968	70.3125	100.0	0.1
18	6	142	0.5997538566589355	75.0	100.0	0.1
18	7	143	0.5702168345451355	78.125	100.0	0.1
18	8	144	1.9502582550048828	61.53845977783203	100.0	0.1
19	1	145	0.991743266582489	71.875	100.0	0.1
19	2	146	1.0339221954345703	73.4375	100.0	0.1
19	3	147	1.3209309577941895	53.125	100.0	0.1
19	4	148	0.7939465045928955	75.0	100.0	0.1
19	5	149	0.7638387084007263	71.875	100.0	0.1
19	6	150	1.4986408948898315	59.375	100.0	0.1
19	7	151	1.687346339225769	59.375	100.0	0.1
19	8	152	1.889850378036499	46.153846740722656	100.0	0.1
20	1	153	0.7383396029472351	78.125	100.0	0.1
20	2	154	0.7574349045753479	73.4375	100.0	0.1
20	3	155	0.9836229085922241	70.3125	100.0	0.1
20	4	156	1.4081226587295532	59.375	100.0	0.1
20	5	157	0.9595690965652466	76.5625	100.0	0.1
20	6	158	1.3092074394226074	68.75	100.0	0.1
20	7	159	0.5207713842391968	81.25	100.0	0.1
20	8	160	0.5562350153923035	84.6153793334961	100.0	0.1
21	1	161	0.7554317712783813	71.875	100.0	0.1
21	2	162	1.4668318033218384	60.9375	100.0	0.1
21	3	163	0.5320407152175903	79.6875	100.0	0.1
21	4	164	0.7703295350074768	76.5625	100.0	0.1
21	5	165	0.41617295145988464	84.375	100.0	0.1
21	6	166	0.5320005416870117	79.6875	100.0	0.1
21	7	167	0.4128546416759491	85.9375	100.0	0.1
21	8	168	0.44970908761024475	92.30769348144531	100.0	0.1
22	1	169	0.6565759778022766	79.6875	100.0	0.1
22	2	170	0.8595250844955444	62.5	100.0	0.1
22	3	171	0.89852374792099	62.5	100.0	0.1
22	4	172	0.5926316380500793	73.4375	100.0	0.1
22	5	173	0.9092326760292053	78.125	100.0	0.1
22	6	174	0.4500247836112976	87.5	100.0	0.1
22	7	175	0.766377329826355	75.0	100.0	0.1
22	8	176	2.8425097465515137	61.53845977783203	100.0	0.1
23	1	177	0.6935402750968933	79.6875	100.0	0.1
23	2	178	1.0974397659301758	65.625	100.0	0.1
23	3	179	0.922184944152832	65.625	100.0	0.1
23	4	180	0.9458351731300354	70.3125	100.0	0.1
23	5	181	0.783646821975708	76.5625	100.0	0.1
23	6	182	0.7795192003250122	73.4375	100.0	0.1
23	7	183	0.7458075284957886	73.4375	100.0	0.1
23	8	184	1.6843109130859375	84.6153793334961	100.0	0.1
24	1	185	0.9523183107376099	73.4375	100.0	0.1
24	2	186	1.6565862894058228	70.3125	100.0	0.1
24	3	187	1.3848202228546143	71.875	100.0	0.1
24	4	188	1.574418306350708	51.5625	100.0	0.1
24	5	189	2.5180418491363525	54.6875	100.0	0.1
24	6	190	0.9792534112930298	79.6875	100.0	0.1
24	7	191	1.480242371559143	65.625	100.0	0.1
24	8	192	1.8066071271896362	53.846153259277344	100.0	0.1
25	1	193	1.0890965461730957	59.375	100.0	0.1
25	2	194	1.6643909215927124	51.5625	100.0	0.1
25	3	195	1.565995693206787	62.5	100.0	0.1
25	4	196	1.282205581665039	62.5	100.0	0.1
25	5	197	1.6996502876281738	43.75	100.0	0.1
25	6	198	0.867892861366272	67.1875	100.0	0.1
25	7	199	1.144665002822876	67.1875	100.0	0.1
25	8	200	1.3536159992218018	69.23076629638672	100.0	0.1
26	1	201	1.4704500436782837	57.8125	100.0	0.1
26	2	202	0.929380476474762	57.8125	100.0	0.1
26	3	203	0.8791460990905762	75.0	100.0	0.1
26	4	204	0.9151254296302795	68.75	100.0	0.1
26	5	205	0.8336538076400757	67.1875	100.0	0.1
26	6	206	1.5328295230865479	56.25	100.0	0.1
26	7	207	1.2177549600601196	62.5	100.0	0.1
26	8	208	1.866496205329895	61.53845977783203	100.0	0.1
27	1	209	1.5074553489685059	60.9375	100.0	0.1
27	2	210	0.7028433084487915	73.4375	100.0	0.1
27	3	211	0.7374047040939331	75.0	100.0	0.1
27	4	212	0.8615385890007019	67.1875	100.0	0.1
27	5	213	0.911045491695404	73.4375	100.0	0.1
27	6	214	0.7777851223945618	76.5625	100.0	0.1
27	7	215	1.1238934993743896	75.0	100.0	0.1
27	8	216	0.9613126516342163	76.9230728149414	100.0	0.1
28	1	217	0.7772513628005981	75.0	100.0	0.1
28	2	218	0.9809897541999817	73.4375	100.0	0.1
28	3	219	0.9357994794845581	71.875	100.0	0.1
28	4	220	0.5476976633071899	75.0	100.0	0.1
28	5	221	0.7725119590759277	70.3125	100.0	0.1
28	6	222	0.6865508556365967	81.25	100.0	0.1
28	7	223	0.7632321715354919	71.875	100.0	0.1
28	8	224	1.3189985752105713	46.153846740722656	100.0	0.1
29	1	225	0.7365626096725464	71.875	100.0	0.1
29	2	226	0.9160282611846924	68.75	100.0	0.1
29	3	227	0.7503095865249634	73.4375	100.0	0.1
29	4	228	1.1955785751342773	59.375	100.0	0.1
29	5	229	1.21487557888031	62.5	100.0	0.1
29	6	230	0.808266818523407	79.6875	100.0	0.1
29	7	231	0.6148325800895691	78.125	100.0	0.1
29	8	232	0.9296613931655884	76.9230728149414	100.0	0.1
30	1	233	0.6839892268180847	81.25	100.0	0.1
30	2	234	1.0733155012130737	75.0	100.0	0.1
30	3	235	0.5914140343666077	78.125	100.0	0.1
30	4	236	1.5811092853546143	67.1875	100.0	0.1
30	5	237	0.572106659412384	79.6875	100.0	0.1
30	6	238	0.8454543948173523	75.0	100.0	0.1
30	7	239	0.7227522730827332	78.125	100.0	0.1
30	8	240	1.698406457901001	38.4615364074707	100.0	0.1
31	1	241	0.5874972343444824	81.25	100.0	0.1
31	2	242	0.4848821759223938	82.8125	100.0	0.1
31	3	243	0.7021294236183167	73.4375	100.0	0.1
31	4	244	0.5875343084335327	82.8125	100.0	0.1
31	5	245	0.7510401606559753	79.6875	100.0	0.1
31	6	246	0.8369507789611816	73.4375	100.0	0.1
31	7	247	0.49046462774276733	82.8125	100.0	0.1
31	8	248	0.4501498341560364	84.6153793334961	100.0	0.1
32	1	249	0.7517139911651611	79.6875	100.0	0.1
32	2	250	0.4753168225288391	82.8125	100.0	0.1
32	3	251	0.5613230466842651	75.0	100.0	0.1
32	4	252	1.2460793256759644	65.625	100.0	0.1
32	5	253	0.44742950797080994	85.9375	100.0	0.1
32	6	254	0.4753086268901825	84.375	100.0	0.1
32	7	255	0.5710890293121338	82.8125	100.0	0.1
32	8	256	0.7949653267860413	76.9230728149414	100.0	0.1
33	1	257	0.83465975522995	84.375	100.0	0.1
33	2	258	0.5357487201690674	79.6875	100.0	0.1
33	3	259	0.5361621379852295	76.5625	100.0	0.1
33	4	260	0.520146906375885	84.375	100.0	0.1
33	5	261	1.117400884628296	65.625	100.0	0.1
33	6	262	0.7039891481399536	79.6875	100.0	0.1
33	7	263	0.40135812759399414	85.9375	100.0	0.1
33	8	264	0.1510215848684311	92.30769348144531	100.0	0.1
34	1	265	0.4068160653114319	84.375	100.0	0.1
34	2	266	0.5492558479309082	78.125	100.0	0.1
34	3	267	0.4795469343662262	79.6875	100.0	0.1
34	4	268	0.44206109642982483	87.5	100.0	0.1
34	5	269	0.2869153320789337	89.0625	100.0	0.1
34	6	270	0.5735616087913513	82.8125	100.0	0.1
34	7	271	0.8979471325874329	76.5625	100.0	0.1
34	8	272	0.8068703413009644	69.23076629638672	100.0	0.1
35	1	273	0.35860538482666016	87.5	100.0	0.1
35	2	274	0.462956964969635	85.9375	100.0	0.1
35	3	275	0.4874110519886017	82.8125	100.0	0.1
35	4	276	0.5736598372459412	81.25	100.0	0.1
35	5	277	0.6532915830612183	78.125	100.0	0.1
35	6	278	0.9925414323806763	71.875	100.0	0.1
35	7	279	0.7189808487892151	79.6875	100.0	0.1
35	8	280	0.8170551657676697	76.9230728149414	100.0	0.1
36	1	281	0.5761191248893738	79.6875	100.0	0.1
36	2	282	0.37919849157333374	79.6875	100.0	0.1
36	3	283	0.4969702959060669	84.375	100.0	0.1
36	4	284	0.46862003207206726	85.9375	100.0	0.1
36	5	285	0.6329705715179443	76.5625	100.0	0.1
36	6	286	0.3898349404335022	87.5	100.0	0.1
36	7	287	0.7836343050003052	71.875	100.0	0.1
36	8	288	0.9413955211639404	76.9230728149414	100.0	0.1
37	1	289	0.32864564657211304	90.625	100.0	0.1
37	2	290	1.1077724695205688	81.25	100.0	0.1
37	3	291	0.9774070382118225	75.0	100.0	0.1
37	4	292	0.6286607384681702	81.25	100.0	0.1
37	5	293	0.6893234252929688	76.5625	100.0	0.1
37	6	294	0.7036020159721375	76.5625	100.0	0.1
37	7	295	1.3378009796142578	65.625	100.0	0.1
37	8	296	1.2989896535873413	61.53845977783203	100.0	0.1
38	1	297	0.5577960014343262	81.25	100.0	0.1
38	2	298	0.5033832788467407	81.25	100.0	0.1
38	3	299	0.49946603178977966	84.375	100.0	0.1
38	4	300	0.8825125694274902	75.0	100.0	0.1
38	5	301	0.6385974884033203	76.5625	100.0	0.1
38	6	302	1.1939127445220947	68.75	100.0	0.1
38	7	303	0.7506706118583679	70.3125	100.0	0.1
38	8	304	1.2322719097137451	69.23076629638672	100.0	0.1
39	1	305	0.4070660471916199	89.0625	100.0	0.1
39	2	306	0.5231497883796692	84.375	100.0	0.1
39	3	307	0.5229701995849609	76.5625	100.0	0.1
39	4	308	0.7308304905891418	78.125	100.0	0.1
39	5	309	0.7458731532096863	70.3125	100.0	0.1
39	6	310	0.9435111880302429	73.4375	100.0	0.1
39	7	311	0.5979562401771545	81.25	100.0	0.1
39	8	312	1.7726298570632935	61.53845977783203	100.0	0.1
40	1	313	0.39443910121917725	82.8125	100.0	0.010000000000000002
40	2	314	0.49208521842956543	81.25	100.0	0.010000000000000002
40	3	315	0.3856596350669861	82.8125	100.0	0.010000000000000002
40	4	316	0.6529825329780579	81.25	100.0	0.010000000000000002
40	5	317	0.52349853515625	82.8125	100.0	0.010000000000000002
40	6	318	0.7947252988815308	70.3125	100.0	0.010000000000000002
40	7	319	0.3978561758995056	85.9375	100.0	0.010000000000000002
40	8	320	0.6665401458740234	69.23076629638672	100.0	0.010000000000000002
41	1	321	0.3074345886707306	85.9375	100.0	0.010000000000000002
41	2	322	0.34891363978385925	89.0625	100.0	0.010000000000000002
41	3	323	0.5202754735946655	84.375	100.0	0.010000000000000002
41	4	324	0.33837708830833435	87.5	100.0	0.010000000000000002
41	5	325	0.43711233139038086	85.9375	100.0	0.010000000000000002
41	6	326	0.40849190950393677	87.5	100.0	0.010000000000000002
41	7	327	0.3492654860019684	82.8125	100.0	0.010000000000000002
41	8	328	1.8140619993209839	76.9230728149414	100.0	0.010000000000000002
42	1	329	0.5044108629226685	79.6875	100.0	0.010000000000000002
42	2	330	0.3449282646179199	87.5	100.0	0.010000000000000002
42	3	331	0.32415083050727844	90.625	100.0	0.010000000000000002
42	4	332	0.511118471622467	82.8125	100.0	0.010000000000000002
42	5	333	0.5711851716041565	78.125	100.0	0.010000000000000002
42	6	334	0.3135382831096649	89.0625	100.0	0.010000000000000002
42	7	335	0.38263198733329773	87.5	100.0	0.010000000000000002
42	8	336	0.6144179701805115	84.6153793334961	100.0	0.010000000000000002
43	1	337	0.3451257348060608	90.625	100.0	0.010000000000000002
43	2	338	0.6146501302719116	78.125	100.0	0.010000000000000002
43	3	339	0.27059388160705566	87.5	100.0	0.010000000000000002
43	4	340	0.32999280095100403	84.375	100.0	0.010000000000000002
43	5	341	0.340404748916626	87.5	100.0	0.010000000000000002
43	6	342	0.33543574810028076	85.9375	100.0	0.010000000000000002
43	7	343	0.25301194190979004	87.5	100.0	0.010000000000000002
43	8	344	0.6324872374534607	76.9230728149414	100.0	0.010000000000000002
44	1	345	0.37156957387924194	87.5	100.0	0.010000000000000002
44	2	346	0.2667883038520813	93.75	100.0	0.010000000000000002
44	3	347	0.4885474741458893	81.25	100.0	0.010000000000000002
44	4	348	0.41524767875671387	90.625	100.0	0.010000000000000002
44	5	349	0.33322247862815857	90.625	100.0	0.010000000000000002
44	6	350	0.40831583738327026	87.5	100.0	0.010000000000000002
44	7	351	0.222703754901886	92.1875	100.0	0.010000000000000002
44	8	352	0.48692747950553894	76.9230728149414	100.0	0.010000000000000002
45	1	353	0.3481508195400238	90.625	100.0	0.010000000000000002
45	2	354	0.4285363256931305	82.8125	100.0	0.010000000000000002
45	3	355	0.24715125560760498	92.1875	100.0	0.010000000000000002
45	4	356	0.35977837443351746	85.9375	100.0	0.010000000000000002
45	5	357	0.3338170647621155	90.625	100.0	0.010000000000000002
45	6	358	0.33670341968536377	85.9375	100.0	0.010000000000000002
45	7	359	0.3016379773616791	85.9375	100.0	0.010000000000000002
45	8	360	0.4182068705558777	92.30769348144531	100.0	0.010000000000000002
46	1	361	0.48437967896461487	82.8125	100.0	0.010000000000000002
46	2	362	0.34571123123168945	84.375	100.0	0.010000000000000002
46	3	363	0.3923196792602539	85.9375	100.0	0.010000000000000002
46	4	364	0.3287335932254791	85.9375	100.0	0.010000000000000002
46	5	365	0.3744155466556549	87.5	100.0	0.010000000000000002
46	6	366	0.281802773475647	93.75	100.0	0.010000000000000002
46	7	367	0.3495451807975769	85.9375	100.0	0.010000000000000002
46	8	368	0.9568762183189392	69.23076629638672	100.0	0.010000000000000002
47	1	369	0.6277180910110474	78.125	100.0	0.010000000000000002
47	2	370	0.3211425840854645	82.8125	100.0	0.010000000000000002
47	3	371	0.3548879325389862	84.375	100.0	0.010000000000000002
47	4	372	0.2956397831439972	87.5	100.0	0.010000000000000002
47	5	373	0.35425660014152527	85.9375	100.0	0.010000000000000002
47	6	374	0.2681936025619507	89.0625	100.0	0.010000000000000002
47	7	375	0.17837484180927277	93.75	100.0	0.010000000000000002
47	8	376	1.0326529741287231	84.6153793334961	100.0	0.010000000000000002
48	1	377	0.19606348872184753	93.75	100.0	0.010000000000000002
48	2	378	0.3175230324268341	85.9375	100.0	0.010000000000000002
48	3	379	0.22093994915485382	95.3125	100.0	0.010000000000000002
48	4	380	0.17852792143821716	95.3125	100.0	0.010000000000000002
48	5	381	0.3225465416908264	87.5	100.0	0.010000000000000002
48	6	382	0.2836460471153259	90.625	100.0	0.010000000000000002
48	7	383	0.20715449750423431	95.3125	100.0	0.010000000000000002
48	8	384	0.715149998664856	84.6153793334961	100.0	0.010000000000000002
49	1	385	0.28015515208244324	95.3125	100.0	0.010000000000000002
49	2	386	0.20639437437057495	90.625	100.0	0.010000000000000002
49	3	387	0.25833019614219666	89.0625	100.0	0.010000000000000002
49	4	388	0.24232375621795654	92.1875	100.0	0.010000000000000002
49	5	389	0.3135354220867157	85.9375	100.0	0.010000000000000002
49	6	390	0.3018609285354614	87.5	100.0	0.010000000000000002
49	7	391	0.48947352170944214	79.6875	100.0	0.010000000000000002
49	8	392	0.7191464900970459	76.9230728149414	100.0	0.010000000000000002
50	1	393	0.330325722694397	87.5	100.0	0.010000000000000002
50	2	394	0.3965487480163574	90.625	100.0	0.010000000000000002
50	3	395	0.33823907375335693	92.1875	100.0	0.010000000000000002
50	4	396	0.23320186138153076	95.3125	100.0	0.010000000000000002
50	5	397	0.3976896107196808	89.0625	100.0	0.010000000000000002
50	6	398	0.29217734932899475	92.1875	100.0	0.010000000000000002
50	7	399	0.4235265851020813	81.25	100.0	0.010000000000000002
50	8	400	0.5868324041366577	76.9230728149414	100.0	0.010000000000000002
51	1	401	0.27000775933265686	87.5	100.0	0.010000000000000002
51	2	402	0.19165317714214325	90.625	100.0	0.010000000000000002
51	3	403	0.279143750667572	89.0625	100.0	0.010000000000000002
51	4	404	0.2648485600948334	92.1875	100.0	0.010000000000000002
51	5	405	0.35901981592178345	85.9375	100.0	0.010000000000000002
51	6	406	0.20379166305065155	92.1875	100.0	0.010000000000000002
51	7	407	0.21963895857334137	90.625	100.0	0.010000000000000002
51	8	408	0.4008125960826874	84.6153793334961	100.0	0.010000000000000002
52	1	409	0.25429767370224	89.0625	100.0	0.010000000000000002
52	2	410	0.393683522939682	89.0625	100.0	0.010000000000000002
52	3	411	0.4143368899822235	82.8125	100.0	0.010000000000000002
52	4	412	0.28762370347976685	92.1875	100.0	0.010000000000000002
52	5	413	0.2592238485813141	90.625	100.0	0.010000000000000002
52	6	414	0.3853647708892822	89.0625	100.0	0.010000000000000002
52	7	415	0.4530695080757141	82.8125	100.0	0.010000000000000002
52	8	416	0.3923129737377167	92.30769348144531	100.0	0.010000000000000002
53	1	417	0.27630001306533813	87.5	100.0	0.010000000000000002
53	2	418	0.2455485761165619	89.0625	100.0	0.010000000000000002
53	3	419	0.22178742289543152	90.625	100.0	0.010000000000000002
53	4	420	0.30741629004478455	89.0625	100.0	0.010000000000000002
53	5	421	0.32705584168434143	87.5	100.0	0.010000000000000002
53	6	422	0.32200613617897034	85.9375	100.0	0.010000000000000002
53	7	423	0.20014095306396484	95.3125	100.0	0.010000000000000002
53	8	424	1.8937320709228516	69.23076629638672	100.0	0.010000000000000002
54	1	425	0.38768795132637024	84.375	100.0	0.010000000000000002
54	2	426	0.2740194499492645	89.0625	100.0	0.010000000000000002
54	3	427	0.2603088319301605	89.0625	100.0	0.010000000000000002
54	4	428	0.33596113324165344	87.5	100.0	0.010000000000000002
54	5	429	0.2296046018600464	90.625	100.0	0.010000000000000002
54	6	430	0.27979621291160583	89.0625	100.0	0.010000000000000002
54	7	431	0.20802049338817596	93.75	100.0	0.010000000000000002
54	8	432	0.6281649470329285	69.23076629638672	100.0	0.010000000000000002
55	1	433	0.37861379981040955	89.0625	100.0	0.0010000000000000002
55	2	434	0.23420217633247375	90.625	100.0	0.0010000000000000002
55	3	435	0.2642596364021301	89.0625	100.0	0.0010000000000000002
55	4	436	0.28153344988822937	87.5	100.0	0.0010000000000000002
55	5	437	0.5438990592956543	81.25	100.0	0.0010000000000000002
55	6	438	0.3562634289264679	87.5	100.0	0.0010000000000000002
55	7	439	0.30140745639801025	85.9375	100.0	0.0010000000000000002
55	8	440	0.14719504117965698	100.0	100.0	0.0010000000000000002
56	1	441	0.3834455609321594	84.375	100.0	0.0010000000000000002
56	2	442	0.2676878869533539	90.625	100.0	0.0010000000000000002
56	3	443	0.1632002592086792	95.3125	100.0	0.0010000000000000002
56	4	444	0.3119397759437561	84.375	100.0	0.0010000000000000002
56	5	445	0.17241591215133667	93.75	100.0	0.0010000000000000002
56	6	446	0.36306196451187134	87.5	100.0	0.0010000000000000002
56	7	447	0.2399921715259552	90.625	100.0	0.0010000000000000002
56	8	448	0.15160098671913147	100.0	100.0	0.0010000000000000002
57	1	449	0.3927256166934967	89.0625	100.0	0.0010000000000000002
57	2	450	0.43627944588661194	81.25	100.0	0.0010000000000000002
57	3	451	0.1750769466161728	95.3125	100.0	0.0010000000000000002
57	4	452	0.21264903247356415	90.625	100.0	0.0010000000000000002
57	5	453	0.32458600401878357	87.5	100.0	0.0010000000000000002
57	6	454	0.30349233746528625	89.0625	100.0	0.0010000000000000002
57	7	455	0.3219286799430847	90.625	100.0	0.0010000000000000002
57	8	456	0.12086288630962372	100.0	100.0	0.0010000000000000002
58	1	457	0.34373754262924194	87.5	100.0	0.0010000000000000002
58	2	458	0.3958207666873932	85.9375	100.0	0.0010000000000000002
58	3	459	0.43112653493881226	82.8125	100.0	0.0010000000000000002
58	4	460	0.30254966020584106	90.625	100.0	0.0010000000000000002
58	5	461	0.32730501890182495	84.375	100.0	0.0010000000000000002
58	6	462	0.22681137919425964	95.3125	100.0	0.0010000000000000002
58	7	463	0.32402369379997253	87.5	100.0	0.0010000000000000002
58	8	464	0.6213966012001038	76.9230728149414	100.0	0.0010000000000000002
59	1	465	0.23243118822574615	92.1875	100.0	0.0010000000000000002
59	2	466	0.2627955675125122	93.75	100.0	0.0010000000000000002
59	3	467	0.4014322757720947	87.5	100.0	0.0010000000000000002
59	4	468	0.2566194236278534	93.75	100.0	0.0010000000000000002
59	5	469	0.3245735168457031	85.9375	100.0	0.0010000000000000002
59	6	470	0.4008745551109314	82.8125	100.0	0.0010000000000000002
59	7	471	0.46858710050582886	85.9375	100.0	0.0010000000000000002
59	8	472	0.23234155774116516	84.6153793334961	100.0	0.0010000000000000002
60	1	473	0.3135869801044464	95.3125	100.0	0.0010000000000000002
60	2	474	0.38010454177856445	82.8125	100.0	0.0010000000000000002
60	3	475	0.2896413207054138	89.0625	100.0	0.0010000000000000002
60	4	476	0.2605896294116974	89.0625	100.0	0.0010000000000000002
60	5	477	0.19148601591587067	93.75	100.0	0.0010000000000000002
60	6	478	0.5027002692222595	81.25	100.0	0.0010000000000000002
60	7	479	0.25894543528556824	92.1875	100.0	0.0010000000000000002
60	8	480	0.5883659720420837	84.6153793334961	100.0	0.0010000000000000002
61	1	481	0.3151250183582306	89.0625	100.0	0.0010000000000000002
61	2	482	0.3426489531993866	84.375	100.0	0.0010000000000000002
61	3	483	0.17354924976825714	95.3125	100.0	0.0010000000000000002
61	4	484	0.28483644127845764	90.625	100.0	0.0010000000000000002
61	5	485	0.23230426013469696	90.625	100.0	0.0010000000000000002
61	6	486	0.2974086403846741	90.625	100.0	0.0010000000000000002
61	7	487	0.3678387403488159	85.9375	100.0	0.0010000000000000002
61	8	488	1.1021506786346436	61.53845977783203	100.0	0.0010000000000000002
62	1	489	0.315685898065567	90.625	100.0	0.0010000000000000002
62	2	490	0.29180997610092163	89.0625	100.0	0.0010000000000000002
62	3	491	0.4384683072566986	82.8125	100.0	0.0010000000000000002
62	4	492	0.19139628112316132	96.875	100.0	0.0010000000000000002
62	5	493	0.1406211256980896	95.3125	100.0	0.0010000000000000002
62	6	494	0.23102694749832153	90.625	100.0	0.0010000000000000002
62	7	495	0.1769997775554657	95.3125	100.0	0.0010000000000000002
62	8	496	1.3543294668197632	61.53845977783203	100.0	0.0010000000000000002
63	1	497	0.3065308928489685	90.625	100.0	0.0010000000000000002
63	2	498	0.20287124812602997	92.1875	100.0	0.0010000000000000002
63	3	499	0.25359317660331726	89.0625	100.0	0.0010000000000000002
63	4	500	0.25299590826034546	92.1875	100.0	0.0010000000000000002
63	5	501	0.37579113245010376	89.0625	100.0	0.0010000000000000002
63	6	502	0.2652111351490021	89.0625	100.0	0.0010000000000000002
63	7	503	0.26807644963264465	90.625	100.0	0.0010000000000000002
63	8	504	0.5329400300979614	92.30769348144531	100.0	0.0010000000000000002
64	1	505	0.34346938133239746	85.9375	100.0	0.0010000000000000002
64	2	506	0.2601928412914276	90.625	100.0	0.0010000000000000002
64	3	507	0.2489369809627533	90.625	100.0	0.0010000000000000002
64	4	508	0.26928505301475525	90.625	100.0	0.0010000000000000002
64	5	509	0.256957471370697	92.1875	100.0	0.0010000000000000002
64	6	510	0.2824055552482605	92.1875	100.0	0.0010000000000000002
64	7	511	0.18833975493907928	92.1875	100.0	0.0010000000000000002
64	8	512	0.24439400434494019	92.30769348144531	100.0	0.0010000000000000002
65	1	513	0.24334269762039185	90.625	100.0	0.00010000000000000003
65	2	514	0.32756999135017395	87.5	100.0	0.00010000000000000003
65	3	515	0.4071515202522278	85.9375	100.0	0.00010000000000000003
65	4	516	0.2698707580566406	92.1875	100.0	0.00010000000000000003
65	5	517	0.27726197242736816	90.625	100.0	0.00010000000000000003
65	6	518	0.19629928469657898	92.1875	100.0	0.00010000000000000003
65	7	519	0.14566655457019806	95.3125	100.0	0.00010000000000000003
65	8	520	0.7859934568405151	84.6153793334961	100.0	0.00010000000000000003
66	1	521	0.28703784942626953	89.0625	100.0	0.00010000000000000003
66	2	522	0.3222595155239105	96.875	100.0	0.00010000000000000003
66	3	523	0.36396947503089905	85.9375	100.0	0.00010000000000000003
66	4	524	0.24275313317775726	92.1875	100.0	0.00010000000000000003
66	5	525	0.2817366421222687	89.0625	100.0	0.00010000000000000003
66	6	526	0.28744634985923767	90.625	100.0	0.00010000000000000003
66	7	527	0.26835358142852783	93.75	100.0	0.00010000000000000003
66	8	528	0.5759685635566711	84.6153793334961	100.0	0.00010000000000000003
67	1	529	0.21468642354011536	95.3125	100.0	0.00010000000000000003
67	2	530	0.3461306393146515	87.5	100.0	0.00010000000000000003
67	3	531	0.2499052882194519	92.1875	100.0	0.00010000000000000003
67	4	532	0.21887114644050598	89.0625	100.0	0.00010000000000000003
67	5	533	0.2973424792289734	90.625	100.0	0.00010000000000000003
67	6	534	0.28189921379089355	87.5	100.0	0.00010000000000000003
67	7	535	0.35686996579170227	90.625	100.0	0.00010000000000000003
67	8	536	0.6684758067131042	61.53845977783203	100.0	0.00010000000000000003
68	1	537	0.2272707223892212	93.75	100.0	0.00010000000000000003
68	2	538	0.4323575496673584	84.375	100.0	0.00010000000000000003
68	3	539	0.20423194766044617	92.1875	100.0	0.00010000000000000003
68	4	540	0.3649618327617645	90.625	100.0	0.00010000000000000003
68	5	541	0.1981433779001236	95.3125	100.0	0.00010000000000000003
68	6	542	0.39206570386886597	89.0625	100.0	0.00010000000000000003
68	7	543	0.3070510923862457	90.625	100.0	0.00010000000000000003
68	8	544	0.19334863126277924	100.0	100.0	0.00010000000000000003
69	1	545	0.23713240027427673	93.75	100.0	0.00010000000000000003
69	2	546	0.1852414458990097	92.1875	100.0	0.00010000000000000003
69	3	547	0.34120506048202515	87.5	100.0	0.00010000000000000003
69	4	548	0.23619815707206726	90.625	100.0	0.00010000000000000003
69	5	549	0.3790320158004761	82.8125	100.0	0.00010000000000000003
69	6	550	0.3889754116535187	90.625	100.0	0.00010000000000000003
69	7	551	0.2865787446498871	89.0625	100.0	0.00010000000000000003
69	8	552	0.2753993570804596	92.30769348144531	100.0	0.00010000000000000003
70	1	553	0.19749155640602112	93.75	100.0	1.0000000000000003e-05
70	2	554	0.3116665184497833	89.0625	100.0	1.0000000000000003e-05
70	3	555	0.27477139234542847	90.625	100.0	1.0000000000000003e-05
70	4	556	0.18811772763729095	92.1875	100.0	1.0000000000000003e-05
70	5	557	0.22344759106636047	92.1875	100.0	1.0000000000000003e-05
70	6	558	0.31751132011413574	89.0625	100.0	1.0000000000000003e-05
70	7	559	0.17352762818336487	92.1875	100.0	1.0000000000000003e-05
70	8	560	0.20002245903015137	100.0	100.0	1.0000000000000003e-05
71	1	561	0.18819504976272583	96.875	100.0	1.0000000000000003e-05
71	2	562	0.38919520378112793	90.625	100.0	1.0000000000000003e-05
71	3	563	0.1838928908109665	95.3125	100.0	1.0000000000000003e-05
71	4	564	0.4727974236011505	84.375	100.0	1.0000000000000003e-05
71	5	565	0.29730403423309326	89.0625	100.0	1.0000000000000003e-05
71	6	566	0.3386760950088501	90.625	100.0	1.0000000000000003e-05
71	7	567	0.35870733857154846	85.9375	100.0	1.0000000000000003e-05
71	8	568	0.7220566868782043	76.9230728149414	100.0	1.0000000000000003e-05
72	1	569	0.19086197018623352	96.875	100.0	1.0000000000000003e-05
72	2	570	0.18428769707679749	96.875	100.0	1.0000000000000003e-05
72	3	571	0.14466293156147003	98.4375	100.0	1.0000000000000003e-05
72	4	572	0.3156905472278595	89.0625	100.0	1.0000000000000003e-05
72	5	573	0.11484604328870773	96.875	100.0	1.0000000000000003e-05
72	6	574	0.423954039812088	84.375	100.0	1.0000000000000003e-05
72	7	575	0.24819320440292358	92.1875	100.0	1.0000000000000003e-05
72	8	576	0.1488882601261139	100.0	100.0	1.0000000000000003e-05
73	1	577	0.35483428835868835	84.375	100.0	1.0000000000000003e-05
73	2	578	0.2584409713745117	89.0625	100.0	1.0000000000000003e-05
73	3	579	0.1801208108663559	92.1875	100.0	1.0000000000000003e-05
73	4	580	0.21638356149196625	90.625	100.0	1.0000000000000003e-05
73	5	581	0.3964332342147827	90.625	100.0	1.0000000000000003e-05
73	6	582	0.2539994716644287	90.625	100.0	1.0000000000000003e-05
73	7	583	0.2588937282562256	90.625	100.0	1.0000000000000003e-05
73	8	584	1.0686334371566772	61.53845977783203	100.0	1.0000000000000003e-05
74	1	585	0.24582725763320923	92.1875	100.0	1.0000000000000003e-05
74	2	586	0.32151442766189575	84.375	100.0	1.0000000000000003e-05
74	3	587	0.25681689381599426	90.625	100.0	1.0000000000000003e-05
74	4	588	0.25067082047462463	90.625	100.0	1.0000000000000003e-05
74	5	589	0.3534238934516907	89.0625	100.0	1.0000000000000003e-05
74	6	590	0.27507537603378296	92.1875	100.0	1.0000000000000003e-05
74	7	591	0.17906759679317474	93.75	100.0	1.0000000000000003e-05
74	8	592	0.827177882194519	69.23076629638672	100.0	1.0000000000000003e-05
75	1	593	0.23695461452007294	89.0625	100.0	1.0000000000000003e-05
75	2	594	0.3075612187385559	89.0625	100.0	1.0000000000000003e-05
75	3	595	0.20722471177577972	92.1875	100.0	1.0000000000000003e-05
75	4	596	0.31716904044151306	92.1875	100.0	1.0000000000000003e-05
75	5	597	0.46762558817863464	84.375	100.0	1.0000000000000003e-05
75	6	598	0.18555548787117004	95.3125	100.0	1.0000000000000003e-05
75	7	599	0.27404090762138367	90.625	100.0	1.0000000000000003e-05
75	8	600	0.20060744881629944	92.30769348144531	100.0	1.0000000000000003e-05
76	1	601	0.15688380599021912	95.3125	100.0	1.0000000000000003e-05
76	2	602	0.2496521770954132	89.0625	100.0	1.0000000000000003e-05
76	3	603	0.27303239703178406	89.0625	100.0	1.0000000000000003e-05
76	4	604	0.147854745388031	92.1875	100.0	1.0000000000000003e-05
76	5	605	0.35370394587516785	90.625	100.0	1.0000000000000003e-05
76	6	606	0.20742134749889374	96.875	100.0	1.0000000000000003e-05
76	7	607	0.29371553659439087	85.9375	100.0	1.0000000000000003e-05
76	8	608	0.6295923590660095	61.53845977783203	100.0	1.0000000000000003e-05
77	1	609	0.5565671324729919	81.25	100.0	1.0000000000000003e-05
77	2	610	0.29595062136650085	87.5	100.0	1.0000000000000003e-05
77	3	611	0.22035478055477142	95.3125	100.0	1.0000000000000003e-05
77	4	612	0.28335025906562805	92.1875	100.0	1.0000000000000003e-05
77	5	613	0.2597953975200653	89.0625	100.0	1.0000000000000003e-05
77	6	614	0.2773222029209137	90.625	100.0	1.0000000000000003e-05
77	7	615	0.25947457551956177	90.625	100.0	1.0000000000000003e-05
77	8	616	0.6307852268218994	69.23076629638672	100.0	1.0000000000000003e-05
78	1	617	0.2324863076210022	95.3125	100.0	1.0000000000000003e-05
78	2	618	0.15160879492759705	96.875	100.0	1.0000000000000003e-05
78	3	619	0.29336318373680115	87.5	100.0	1.0000000000000003e-05
78	4	620	0.27906534075737	85.9375	100.0	1.0000000000000003e-05
78	5	621	0.19205829501152039	93.75	100.0	1.0000000000000003e-05
78	6	622	0.2064192146062851	95.3125	100.0	1.0000000000000003e-05
78	7	623	0.30008721351623535	89.0625	100.0	1.0000000000000003e-05
78	8	624	0.385374516248703	84.6153793334961	100.0	1.0000000000000003e-05
79	1	625	0.252008855342865	93.75	100.0	1.0000000000000003e-05
79	2	626	0.3566116392612457	89.0625	100.0	1.0000000000000003e-05
79	3	627	0.17460115253925323	93.75	100.0	1.0000000000000003e-05
79	4	628	0.18079401552677155	95.3125	100.0	1.0000000000000003e-05
79	5	629	0.30689987540245056	89.0625	100.0	1.0000000000000003e-05
79	6	630	0.1779407560825348	95.3125	100.0	1.0000000000000003e-05
79	7	631	0.46180662512779236	85.9375	100.0	1.0000000000000003e-05
79	8	632	2.095902442932129	61.53845977783203	100.0	1.0000000000000003e-05
80	1	633	0.1843634992837906	93.75	100.0	1.0000000000000003e-05
80	2	634	0.3625088632106781	84.375	100.0	1.0000000000000003e-05
80	3	635	0.36762094497680664	85.9375	100.0	1.0000000000000003e-05
80	4	636	0.2238786369562149	90.625	100.0	1.0000000000000003e-05
80	5	637	0.2849547564983368	89.0625	100.0	1.0000000000000003e-05
80	6	638	0.22360584139823914	95.3125	100.0	1.0000000000000003e-05
80	7	639	0.3215554654598236	90.625	100.0	1.0000000000000003e-05
80	8	640	0.3990802764892578	92.30769348144531	100.0	1.0000000000000003e-05
81	1	641	0.2520056366920471	93.75	100.0	1.0000000000000003e-05
81	2	642	0.3102157413959503	90.625	100.0	1.0000000000000003e-05
81	3	643	0.22816972434520721	90.625	100.0	1.0000000000000003e-05
81	4	644	0.2526073455810547	90.625	100.0	1.0000000000000003e-05
81	5	645	0.3703818917274475	90.625	100.0	1.0000000000000003e-05
81	6	646	0.4897063970565796	87.5	100.0	1.0000000000000003e-05
81	7	647	0.21586130559444427	92.1875	100.0	1.0000000000000003e-05
81	8	648	0.5232935547828674	84.6153793334961	100.0	1.0000000000000003e-05
82	1	649	0.3593379259109497	85.9375	100.0	1.0000000000000003e-05
82	2	650	0.23456020653247833	92.1875	100.0	1.0000000000000003e-05
82	3	651	0.47204121947288513	82.8125	100.0	1.0000000000000003e-05
82	4	652	0.20027612149715424	93.75	100.0	1.0000000000000003e-05
82	5	653	0.31994128227233887	85.9375	100.0	1.0000000000000003e-05
82	6	654	0.24957413971424103	90.625	100.0	1.0000000000000003e-05
82	7	655	0.2524409890174866	90.625	100.0	1.0000000000000003e-05
82	8	656	0.8376033306121826	76.9230728149414	100.0	1.0000000000000003e-05
83	1	657	0.20252418518066406	93.75	100.0	1.0000000000000003e-05
83	2	658	0.5090989470481873	89.0625	100.0	1.0000000000000003e-05
83	3	659	0.2707959711551666	89.0625	100.0	1.0000000000000003e-05
83	4	660	0.1963759958744049	93.75	100.0	1.0000000000000003e-05
83	5	661	0.30859124660491943	87.5	100.0	1.0000000000000003e-05
83	6	662	0.21235553920269012	93.75	100.0	1.0000000000000003e-05
83	7	663	0.2603919506072998	89.0625	100.0	1.0000000000000003e-05
83	8	664	0.3870885968208313	84.6153793334961	100.0	1.0000000000000003e-05
84	1	665	0.26070335507392883	93.75	100.0	1.0000000000000003e-05
84	2	666	0.3044072389602661	89.0625	100.0	1.0000000000000003e-05
84	3	667	0.33024314045906067	87.5	100.0	1.0000000000000003e-05
84	4	668	0.24111460149288177	90.625	100.0	1.0000000000000003e-05
84	5	669	0.32644331455230713	92.1875	100.0	1.0000000000000003e-05
84	6	670	0.32678601145744324	85.9375	100.0	1.0000000000000003e-05
84	7	671	0.2779107987880707	90.625	100.0	1.0000000000000003e-05
84	8	672	0.35615605115890503	92.30769348144531	100.0	1.0000000000000003e-05
85	1	673	0.24625718593597412	93.75	100.0	1.0000000000000003e-05
85	2	674	0.20699866116046906	93.75	100.0	1.0000000000000003e-05
85	3	675	0.2920243442058563	90.625	100.0	1.0000000000000003e-05
85	4	676	0.3028466999530792	89.0625	100.0	1.0000000000000003e-05
85	5	677	0.31539538502693176	82.8125	100.0	1.0000000000000003e-05
85	6	678	0.3832411468029022	85.9375	100.0	1.0000000000000003e-05
85	7	679	0.2201576679944992	93.75	100.0	1.0000000000000003e-05
85	8	680	0.4263116717338562	84.6153793334961	100.0	1.0000000000000003e-05
86	1	681	0.1429012566804886	95.3125	100.0	1.0000000000000003e-05
86	2	682	0.2951743006706238	87.5	100.0	1.0000000000000003e-05
86	3	683	0.2197505384683609	92.1875	100.0	1.0000000000000003e-05
86	4	684	0.12993496656417847	96.875	100.0	1.0000000000000003e-05
86	5	685	0.23461952805519104	93.75	100.0	1.0000000000000003e-05
86	6	686	0.18869976699352264	89.0625	100.0	1.0000000000000003e-05
86	7	687	0.3339412808418274	85.9375	100.0	1.0000000000000003e-05
86	8	688	1.6328623294830322	69.23076629638672	100.0	1.0000000000000003e-05
87	1	689	0.17176032066345215	92.1875	100.0	1.0000000000000003e-05
87	2	690	0.35465505719184875	84.375	100.0	1.0000000000000003e-05
87	3	691	0.36827749013900757	85.9375	100.0	1.0000000000000003e-05
87	4	692	0.3089863061904907	89.0625	100.0	1.0000000000000003e-05
87	5	693	0.2586531639099121	92.1875	100.0	1.0000000000000003e-05
87	6	694	0.1924968957901001	92.1875	100.0	1.0000000000000003e-05
87	7	695	0.1203421801328659	95.3125	100.0	1.0000000000000003e-05
87	8	696	0.46337559819221497	76.9230728149414	100.0	1.0000000000000003e-05
88	1	697	0.1772010326385498	96.875	100.0	1.0000000000000003e-05
88	2	698	0.23452113568782806	93.75	100.0	1.0000000000000003e-05
88	3	699	0.24297000467777252	93.75	100.0	1.0000000000000003e-05
88	4	700	0.2916962206363678	90.625	100.0	1.0000000000000003e-05
88	5	701	0.2572004795074463	90.625	100.0	1.0000000000000003e-05
88	6	702	0.306122362613678	87.5	100.0	1.0000000000000003e-05
88	7	703	0.21585115790367126	93.75	100.0	1.0000000000000003e-05
88	8	704	0.7982305288314819	69.23076629638672	100.0	1.0000000000000003e-05
89	1	705	0.2831014394760132	92.1875	100.0	1.0000000000000003e-05
89	2	706	0.07170838117599487	100.0	100.0	1.0000000000000003e-05
89	3	707	0.2540280222892761	89.0625	100.0	1.0000000000000003e-05
89	4	708	0.15869183838367462	96.875	100.0	1.0000000000000003e-05
89	5	709	0.2966441810131073	85.9375	100.0	1.0000000000000003e-05
89	6	710	0.2510789930820465	87.5	100.0	1.0000000000000003e-05
89	7	711	0.4298081398010254	89.0625	100.0	1.0000000000000003e-05
89	8	712	0.8659614324569702	69.23076629638672	100.0	1.0000000000000003e-05
90	1	713	0.2389344424009323	93.75	100.0	1.0000000000000003e-05
90	2	714	0.1977473944425583	95.3125	100.0	1.0000000000000003e-05
90	3	715	0.21568115055561066	93.75	100.0	1.0000000000000003e-05
90	4	716	0.29270485043525696	87.5	100.0	1.0000000000000003e-05
90	5	717	0.25708508491516113	90.625	100.0	1.0000000000000003e-05
90	6	718	0.24234500527381897	89.0625	100.0	1.0000000000000003e-05
90	7	719	0.18385173380374908	93.75	100.0	1.0000000000000003e-05
90	8	720	0.13149507343769073	92.30769348144531	100.0	1.0000000000000003e-05
91	1	721	0.29576095938682556	92.1875	100.0	1.0000000000000003e-05
91	2	722	0.25549814105033875	89.0625	100.0	1.0000000000000003e-05
91	3	723	0.2902136743068695	92.1875	100.0	1.0000000000000003e-05
91	4	724	0.2948489487171173	89.0625	100.0	1.0000000000000003e-05
91	5	725	0.22739192843437195	95.3125	100.0	1.0000000000000003e-05
91	6	726	0.20945703983306885	92.1875	100.0	1.0000000000000003e-05
91	7	727	0.23604223132133484	92.1875	100.0	1.0000000000000003e-05
91	8	728	0.24664044380187988	92.30769348144531	100.0	1.0000000000000003e-05
92	1	729	0.23678624629974365	89.0625	100.0	1.0000000000000003e-05
92	2	730	0.3828147053718567	90.625	100.0	1.0000000000000003e-05
92	3	731	0.2379227876663208	92.1875	100.0	1.0000000000000003e-05
92	4	732	0.5960462689399719	85.9375	100.0	1.0000000000000003e-05
92	5	733	0.20756658911705017	89.0625	100.0	1.0000000000000003e-05
92	6	734	0.3001609444618225	92.1875	100.0	1.0000000000000003e-05
92	7	735	0.17983563244342804	92.1875	100.0	1.0000000000000003e-05
92	8	736	0.6006752252578735	76.9230728149414	100.0	1.0000000000000003e-05
93	1	737	0.3705459237098694	84.375	100.0	1.0000000000000003e-05
93	2	738	0.2193162441253662	95.3125	100.0	1.0000000000000003e-05
93	3	739	0.3435078561306	87.5	100.0	1.0000000000000003e-05
93	4	740	0.3356746733188629	89.0625	100.0	1.0000000000000003e-05
93	5	741	0.2768705487251282	90.625	100.0	1.0000000000000003e-05
93	6	742	0.2285112589597702	90.625	100.0	1.0000000000000003e-05
93	7	743	0.3213673532009125	93.75	100.0	1.0000000000000003e-05
93	8	744	1.0427581071853638	69.23076629638672	100.0	1.0000000000000003e-05
94	1	745	0.2504725754261017	90.625	100.0	1.0000000000000003e-05
94	2	746	0.2601866126060486	89.0625	100.0	1.0000000000000003e-05
94	3	747	0.24891190230846405	92.1875	100.0	1.0000000000000003e-05
94	4	748	0.2858038544654846	92.1875	100.0	1.0000000000000003e-05
94	5	749	0.23275335133075714	92.1875	100.0	1.0000000000000003e-05
94	6	750	0.2702566683292389	90.625	100.0	1.0000000000000003e-05
94	7	751	0.3670874536037445	85.9375	100.0	1.0000000000000003e-05
94	8	752	0.27139538526535034	100.0	100.0	1.0000000000000003e-05
95	1	753	0.22095808386802673	92.1875	100.0	1.0000000000000003e-05
95	2	754	0.2788812518119812	89.0625	100.0	1.0000000000000003e-05
95	3	755	0.2825401723384857	89.0625	100.0	1.0000000000000003e-05
95	4	756	0.18744106590747833	92.1875	100.0	1.0000000000000003e-05
95	5	757	0.31938526034355164	87.5	100.0	1.0000000000000003e-05
95	6	758	0.24093370139598846	93.75	100.0	1.0000000000000003e-05
95	7	759	0.21583452820777893	90.625	100.0	1.0000000000000003e-05
95	8	760	0.7720149755477905	76.9230728149414	100.0	1.0000000000000003e-05
96	1	761	0.20847830176353455	92.1875	100.0	1.0000000000000003e-05
96	2	762	0.1935458779335022	95.3125	100.0	1.0000000000000003e-05
96	3	763	0.3270055949687958	87.5	100.0	1.0000000000000003e-05
96	4	764	0.16231007874011993	98.4375	100.0	1.0000000000000003e-05
96	5	765	0.26372477412223816	90.625	100.0	1.0000000000000003e-05
96	6	766	0.42367100715637207	84.375	100.0	1.0000000000000003e-05
96	7	767	0.38999801874160767	82.8125	100.0	1.0000000000000003e-05
96	8	768	0.23563864827156067	92.30769348144531	100.0	1.0000000000000003e-05
97	1	769	0.21520879864692688	93.75	100.0	1.0000000000000003e-05
97	2	770	0.23998159170150757	89.0625	100.0	1.0000000000000003e-05
97	3	771	0.3038671910762787	87.5	100.0	1.0000000000000003e-05
97	4	772	0.40781170129776	84.375	100.0	1.0000000000000003e-05
97	5	773	0.26045921444892883	89.0625	100.0	1.0000000000000003e-05
97	6	774	0.27599796652793884	89.0625	100.0	1.0000000000000003e-05
97	7	775	0.22958619892597198	89.0625	100.0	1.0000000000000003e-05
97	8	776	0.5387206673622131	76.9230728149414	100.0	1.0000000000000003e-05
98	1	777	0.380840003490448	87.5	100.0	1.0000000000000003e-05
98	2	778	0.25566279888153076	92.1875	100.0	1.0000000000000003e-05
98	3	779	0.2613089382648468	87.5	100.0	1.0000000000000003e-05
98	4	780	0.20132231712341309	96.875	100.0	1.0000000000000003e-05
98	5	781	0.20162199437618256	95.3125	100.0	1.0000000000000003e-05
98	6	782	0.17738011479377747	92.1875	100.0	1.0000000000000003e-05
98	7	783	0.18439467251300812	95.3125	100.0	1.0000000000000003e-05
98	8	784	0.3478371500968933	84.6153793334961	100.0	1.0000000000000003e-05
99	1	785	0.4192142188549042	87.5	100.0	1.0000000000000003e-05
99	2	786	0.4076360762119293	89.0625	100.0	1.0000000000000003e-05
99	3	787	0.4422888159751892	84.375	100.0	1.0000000000000003e-05
99	4	788	0.27208998799324036	89.0625	100.0	1.0000000000000003e-05
99	5	789	0.17815706133842468	92.1875	100.0	1.0000000000000003e-05
99	6	790	0.28681036829948425	87.5	100.0	1.0000000000000003e-05
99	7	791	0.3178643584251404	89.0625	100.0	1.0000000000000003e-05
99	8	792	0.39820772409439087	84.6153793334961	100.0	1.0000000000000003e-05
100	1	793	0.22595945000648499	92.1875	100.0	1.0000000000000003e-05
100	2	794	0.3218584656715393	87.5	100.0	1.0000000000000003e-05
100	3	795	0.1850578486919403	95.3125	100.0	1.0000000000000003e-05
100	4	796	0.3460049629211426	89.0625	100.0	1.0000000000000003e-05
100	5	797	0.23142538964748383	93.75	100.0	1.0000000000000003e-05
100	6	798	0.2740883231163025	92.1875	100.0	1.0000000000000003e-05
100	7	799	0.3207800090312958	85.9375	100.0	1.0000000000000003e-05
100	8	800	0.513913094997406	92.30769348144531	100.0	1.0000000000000003e-05
101	1	801	0.2526569068431854	89.0625	100.0	1.0000000000000003e-05
101	2	802	0.22808395326137543	90.625	100.0	1.0000000000000003e-05
101	3	803	0.19638164341449738	93.75	100.0	1.0000000000000003e-05
101	4	804	0.13866539299488068	93.75	100.0	1.0000000000000003e-05
101	5	805	0.2070295363664627	92.1875	100.0	1.0000000000000003e-05
101	6	806	0.2529880404472351	90.625	100.0	1.0000000000000003e-05
101	7	807	0.32294413447380066	89.0625	100.0	1.0000000000000003e-05
101	8	808	0.4831792116165161	84.6153793334961	100.0	1.0000000000000003e-05
102	1	809	0.17916320264339447	93.75	100.0	1.0000000000000003e-05
102	2	810	0.3124636709690094	87.5	100.0	1.0000000000000003e-05
102	3	811	0.24428145587444305	92.1875	100.0	1.0000000000000003e-05
102	4	812	0.3439205288887024	87.5	100.0	1.0000000000000003e-05
102	5	813	0.3770701289176941	81.25	100.0	1.0000000000000003e-05
102	6	814	0.3207097053527832	92.1875	100.0	1.0000000000000003e-05
102	7	815	0.22996175289154053	93.75	100.0	1.0000000000000003e-05
102	8	816	0.884273886680603	69.23076629638672	100.0	1.0000000000000003e-05
103	1	817	0.30487167835235596	87.5	100.0	1.0000000000000003e-05
103	2	818	0.26090750098228455	89.0625	100.0	1.0000000000000003e-05
103	3	819	0.18328061699867249	95.3125	100.0	1.0000000000000003e-05
103	4	820	0.35841938853263855	89.0625	100.0	1.0000000000000003e-05
103	5	821	0.2511707544326782	90.625	100.0	1.0000000000000003e-05
103	6	822	0.27719777822494507	92.1875	100.0	1.0000000000000003e-05
103	7	823	0.44073083996772766	84.375	100.0	1.0000000000000003e-05
103	8	824	0.2859600782394409	84.6153793334961	100.0	1.0000000000000003e-05
104	1	825	0.24925827980041504	92.1875	100.0	1.0000000000000003e-05
104	2	826	0.2622878849506378	89.0625	100.0	1.0000000000000003e-05
104	3	827	0.19928479194641113	95.3125	100.0	1.0000000000000003e-05
104	4	828	0.16775169968605042	96.875	100.0	1.0000000000000003e-05
104	5	829	0.2118929922580719	96.875	100.0	1.0000000000000003e-05
104	6	830	0.18823078274726868	93.75	100.0	1.0000000000000003e-05
104	7	831	0.2578839063644409	89.0625	100.0	1.0000000000000003e-05
104	8	832	0.6589750051498413	84.6153793334961	100.0	1.0000000000000003e-05
105	1	833	0.31252095103263855	89.0625	100.0	1.0000000000000003e-05
105	2	834	0.2646055221557617	92.1875	100.0	1.0000000000000003e-05
105	3	835	0.21249975264072418	95.3125	100.0	1.0000000000000003e-05
105	4	836	0.303061306476593	87.5	100.0	1.0000000000000003e-05
105	5	837	0.2807866632938385	87.5	100.0	1.0000000000000003e-05
105	6	838	0.303056001663208	92.1875	100.0	1.0000000000000003e-05
105	7	839	0.31135714054107666	87.5	100.0	1.0000000000000003e-05
105	8	840	0.37878865003585815	84.6153793334961	100.0	1.0000000000000003e-05
106	1	841	0.22214803099632263	89.0625	100.0	1.0000000000000003e-05
106	2	842	0.29815393686294556	87.5	100.0	1.0000000000000003e-05
106	3	843	0.15486940741539001	96.875	100.0	1.0000000000000003e-05
106	4	844	0.45396140217781067	90.625	100.0	1.0000000000000003e-05
106	5	845	0.3186323344707489	90.625	100.0	1.0000000000000003e-05
106	6	846	0.27399417757987976	89.0625	100.0	1.0000000000000003e-05
106	7	847	0.2481822371482849	93.75	100.0	1.0000000000000003e-05
106	8	848	0.4498429298400879	84.6153793334961	100.0	1.0000000000000003e-05
107	1	849	0.34590524435043335	85.9375	100.0	1.0000000000000003e-05
107	2	850	0.20291325449943542	92.1875	100.0	1.0000000000000003e-05
107	3	851	0.17139416933059692	93.75	100.0	1.0000000000000003e-05
107	4	852	0.26420858502388	90.625	100.0	1.0000000000000003e-05
107	5	853	0.3759147822856903	85.9375	100.0	1.0000000000000003e-05
107	6	854	0.2034544050693512	92.1875	100.0	1.0000000000000003e-05
107	7	855	0.5657446980476379	85.9375	100.0	1.0000000000000003e-05
107	8	856	0.3418351411819458	84.6153793334961	100.0	1.0000000000000003e-05
108	1	857	0.3142527937889099	87.5	100.0	1.0000000000000003e-05
108	2	858	0.3048717677593231	93.75	100.0	1.0000000000000003e-05
108	3	859	0.18058854341506958	92.1875	100.0	1.0000000000000003e-05
108	4	860	0.2684779167175293	92.1875	100.0	1.0000000000000003e-05
108	5	861	0.3327350318431854	87.5	100.0	1.0000000000000003e-05
108	6	862	0.34627920389175415	90.625	100.0	1.0000000000000003e-05
108	7	863	0.1600995659828186	95.3125	100.0	1.0000000000000003e-05
108	8	864	0.9952020049095154	69.23076629638672	100.0	1.0000000000000003e-05
109	1	865	0.2776707112789154	92.1875	100.0	1.0000000000000003e-05
109	2	866	0.3013564348220825	85.9375	100.0	1.0000000000000003e-05
109	3	867	0.20492474734783173	90.625	100.0	1.0000000000000003e-05
109	4	868	0.1465202420949936	95.3125	100.0	1.0000000000000003e-05
109	5	869	0.2645048201084137	90.625	100.0	1.0000000000000003e-05
109	6	870	0.30626729130744934	89.0625	100.0	1.0000000000000003e-05
109	7	871	0.18558195233345032	92.1875	100.0	1.0000000000000003e-05
109	8	872	0.41565147042274475	84.6153793334961	100.0	1.0000000000000003e-05
110	1	873	0.29566216468811035	92.1875	100.0	1.0000000000000003e-05
110	2	874	0.1884564459323883	92.1875	100.0	1.0000000000000003e-05
110	3	875	0.30855125188827515	85.9375	100.0	1.0000000000000003e-05
110	4	876	0.31237292289733887	92.1875	100.0	1.0000000000000003e-05
110	5	877	0.30096763372421265	85.9375	100.0	1.0000000000000003e-05
110	6	878	0.24819061160087585	92.1875	100.0	1.0000000000000003e-05
110	7	879	0.1915920376777649	93.75	100.0	1.0000000000000003e-05
110	8	880	0.7570973634719849	69.23076629638672	100.0	1.0000000000000003e-05
111	1	881	0.32954609394073486	89.0625	100.0	1.0000000000000003e-05
111	2	882	0.3614530861377716	85.9375	100.0	1.0000000000000003e-05
111	3	883	0.16323940455913544	96.875	100.0	1.0000000000000003e-05
111	4	884	0.25036633014678955	92.1875	100.0	1.0000000000000003e-05
111	5	885	0.2272775024175644	90.625	100.0	1.0000000000000003e-05
111	6	886	0.3852498531341553	90.625	100.0	1.0000000000000003e-05
111	7	887	0.20495083928108215	92.1875	100.0	1.0000000000000003e-05
111	8	888	0.1145537942647934	100.0	100.0	1.0000000000000003e-05
112	1	889	0.22754020988941193	90.625	100.0	1.0000000000000003e-05
112	2	890	0.33884909749031067	84.375	100.0	1.0000000000000003e-05
112	3	891	0.396688312292099	89.0625	100.0	1.0000000000000003e-05
112	4	892	0.14537011086940765	95.3125	100.0	1.0000000000000003e-05
112	5	893	0.25559675693511963	87.5	100.0	1.0000000000000003e-05
112	6	894	0.2270078957080841	92.1875	100.0	1.0000000000000003e-05
112	7	895	0.239277184009552	90.625	100.0	1.0000000000000003e-05
112	8	896	0.671821653842926	76.9230728149414	100.0	1.0000000000000003e-05
113	1	897	0.3390633761882782	87.5	100.0	1.0000000000000003e-05
113	2	898	0.22780458629131317	90.625	100.0	1.0000000000000003e-05
113	3	899	0.41422852873802185	89.0625	100.0	1.0000000000000003e-05
113	4	900	0.3351741135120392	81.25	100.0	1.0000000000000003e-05
113	5	901	0.30634552240371704	92.1875	100.0	1.0000000000000003e-05
113	6	902	0.26661407947540283	90.625	100.0	1.0000000000000003e-05
113	7	903	0.264180064201355	95.3125	100.0	1.0000000000000003e-05
113	8	904	0.4772452712059021	84.6153793334961	100.0	1.0000000000000003e-05
114	1	905	0.17637178301811218	95.3125	100.0	1.0000000000000003e-05
114	2	906	0.15142443776130676	93.75	100.0	1.0000000000000003e-05
114	3	907	0.3966900706291199	85.9375	100.0	1.0000000000000003e-05
114	4	908	0.2387847900390625	95.3125	100.0	1.0000000000000003e-05
114	5	909	0.32771167159080505	89.0625	100.0	1.0000000000000003e-05
114	6	910	0.24620884656906128	92.1875	100.0	1.0000000000000003e-05
114	7	911	0.22032366693019867	92.1875	100.0	1.0000000000000003e-05
114	8	912	0.3458482325077057	92.30769348144531	100.0	1.0000000000000003e-05
115	1	913	0.22254234552383423	92.1875	100.0	1.0000000000000003e-05
115	2	914	0.23593541979789734	93.75	100.0	1.0000000000000003e-05
115	3	915	0.34341007471084595	87.5	100.0	1.0000000000000003e-05
115	4	916	0.2685467004776001	89.0625	100.0	1.0000000000000003e-05
115	5	917	0.1601637303829193	95.3125	100.0	1.0000000000000003e-05
115	6	918	0.3068811297416687	90.625	100.0	1.0000000000000003e-05
115	7	919	0.3100510835647583	89.0625	100.0	1.0000000000000003e-05
115	8	920	1.4663420915603638	61.53845977783203	100.0	1.0000000000000003e-05
116	1	921	0.30082231760025024	89.0625	100.0	1.0000000000000003e-05
116	2	922	0.194029301404953	93.75	100.0	1.0000000000000003e-05
116	3	923	0.22569893300533295	90.625	100.0	1.0000000000000003e-05
116	4	924	0.24662992358207703	90.625	100.0	1.0000000000000003e-05
116	5	925	0.2467351257801056	90.625	100.0	1.0000000000000003e-05
116	6	926	0.28937864303588867	90.625	100.0	1.0000000000000003e-05
116	7	927	0.2746671736240387	89.0625	100.0	1.0000000000000003e-05
116	8	928	0.6043463945388794	84.6153793334961	100.0	1.0000000000000003e-05
117	1	929	0.2035643756389618	92.1875	100.0	1.0000000000000003e-05
117	2	930	0.27693578600883484	89.0625	100.0	1.0000000000000003e-05
117	3	931	0.278140127658844	89.0625	100.0	1.0000000000000003e-05
117	4	932	0.5095885396003723	81.25	100.0	1.0000000000000003e-05
117	5	933	0.2907572090625763	85.9375	100.0	1.0000000000000003e-05
117	6	934	0.2382221817970276	92.1875	100.0	1.0000000000000003e-05
117	7	935	0.31491678953170776	92.1875	100.0	1.0000000000000003e-05
117	8	936	0.5308493375778198	76.9230728149414	100.0	1.0000000000000003e-05
118	1	937	0.32204070687294006	85.9375	100.0	1.0000000000000003e-05
118	2	938	0.359043687582016	89.0625	100.0	1.0000000000000003e-05
118	3	939	0.26543405652046204	92.1875	100.0	1.0000000000000003e-05
118	4	940	0.3273092210292816	92.1875	100.0	1.0000000000000003e-05
118	5	941	0.2982082962989807	89.0625	100.0	1.0000000000000003e-05
118	6	942	0.2101425677537918	90.625	100.0	1.0000000000000003e-05
118	7	943	0.1753109246492386	92.1875	100.0	1.0000000000000003e-05
118	8	944	1.0437304973602295	69.23076629638672	100.0	1.0000000000000003e-05
119	1	945	0.23632121086120605	90.625	100.0	1.0000000000000003e-05
119	2	946	0.2907198667526245	90.625	100.0	1.0000000000000003e-05
119	3	947	0.3580681383609772	87.5	100.0	1.0000000000000003e-05
119	4	948	0.24657072126865387	92.1875	100.0	1.0000000000000003e-05
119	5	949	0.1835779994726181	96.875	100.0	1.0000000000000003e-05
119	6	950	0.3133845031261444	87.5	100.0	1.0000000000000003e-05
119	7	951	0.11704246699810028	96.875	100.0	1.0000000000000003e-05
119	8	952	0.5312937498092651	84.6153793334961	100.0	1.0000000000000003e-05
120	1	953	0.2561054825782776	90.625	100.0	1.0000000000000003e-05
120	2	954	0.3545697331428528	89.0625	100.0	1.0000000000000003e-05
120	3	955	0.2511625587940216	89.0625	100.0	1.0000000000000003e-05
120	4	956	0.2999330461025238	89.0625	100.0	1.0000000000000003e-05
120	5	957	0.29454267024993896	93.75	100.0	1.0000000000000003e-05
120	6	958	0.17032456398010254	95.3125	100.0	1.0000000000000003e-05
120	7	959	0.27267998456954956	92.1875	100.0	1.0000000000000003e-05
120	8	960	1.6648567914962769	61.53845977783203	100.0	1.0000000000000003e-05
121	1	961	0.39827054738998413	92.1875	100.0	1.0000000000000003e-05
121	2	962	0.2816009521484375	87.5	100.0	1.0000000000000003e-05
121	3	963	0.27134039998054504	92.1875	100.0	1.0000000000000003e-05
121	4	964	0.2656487226486206	92.1875	100.0	1.0000000000000003e-05
121	5	965	0.48693403601646423	82.8125	100.0	1.0000000000000003e-05
121	6	966	0.39641082286834717	89.0625	100.0	1.0000000000000003e-05
121	7	967	0.14516906440258026	98.4375	100.0	1.0000000000000003e-05
121	8	968	0.3095085918903351	84.6153793334961	100.0	1.0000000000000003e-05
122	1	969	0.3104488253593445	87.5	100.0	1.0000000000000003e-05
122	2	970	0.33286887407302856	84.375	100.0	1.0000000000000003e-05
122	3	971	0.3775509297847748	87.5	100.0	1.0000000000000003e-05
122	4	972	0.2984480857849121	90.625	100.0	1.0000000000000003e-05
122	5	973	0.12130089104175568	98.4375	100.0	1.0000000000000003e-05
122	6	974	0.4805995523929596	85.9375	100.0	1.0000000000000003e-05
122	7	975	0.14755818247795105	95.3125	100.0	1.0000000000000003e-05
122	8	976	0.2413669377565384	92.30769348144531	100.0	1.0000000000000003e-05
123	1	977	0.36384743452072144	87.5	100.0	1.0000000000000003e-05
123	2	978	0.40383800864219666	87.5	100.0	1.0000000000000003e-05
123	3	979	0.4094071090221405	85.9375	100.0	1.0000000000000003e-05
123	4	980	0.25959277153015137	92.1875	100.0	1.0000000000000003e-05
123	5	981	0.3263327479362488	87.5	100.0	1.0000000000000003e-05
123	6	982	0.15406160056591034	96.875	100.0	1.0000000000000003e-05
123	7	983	0.49851012229919434	82.8125	100.0	1.0000000000000003e-05
123	8	984	0.27806511521339417	92.30769348144531	100.0	1.0000000000000003e-05
124	1	985	0.15315596759319305	92.1875	100.0	1.0000000000000003e-05
124	2	986	0.2562410235404968	89.0625	100.0	1.0000000000000003e-05
124	3	987	0.31697672605514526	92.1875	100.0	1.0000000000000003e-05
124	4	988	0.275511234998703	90.625	100.0	1.0000000000000003e-05
124	5	989	0.2645900249481201	87.5	100.0	1.0000000000000003e-05
124	6	990	0.24555256962776184	92.1875	100.0	1.0000000000000003e-05
124	7	991	0.39986422657966614	90.625	100.0	1.0000000000000003e-05
124	8	992	0.11922560632228851	100.0	100.0	1.0000000000000003e-05
125	1	993	0.3166830837726593	90.625	100.0	1.0000000000000003e-05
125	2	994	0.2956703305244446	87.5	100.0	1.0000000000000003e-05
125	3	995	0.20012101531028748	93.75	100.0	1.0000000000000003e-05
125	4	996	0.26943710446357727	89.0625	100.0	1.0000000000000003e-05
125	5	997	0.33930715918540955	82.8125	100.0	1.0000000000000003e-05
125	6	998	0.3233945369720459	89.0625	100.0	1.0000000000000003e-05
125	7	999	0.1710834503173828	96.875	100.0	1.0000000000000003e-05
125	8	1000	0.2824947237968445	100.0	100.0	1.0000000000000003e-05
126	1	1001	0.1728033721446991	93.75	100.0	1.0000000000000003e-05
126	2	1002	0.42175057530403137	84.375	100.0	1.0000000000000003e-05
126	3	1003	0.22156277298927307	92.1875	100.0	1.0000000000000003e-05
126	4	1004	0.3201279640197754	84.375	100.0	1.0000000000000003e-05
126	5	1005	0.22342798113822937	92.1875	100.0	1.0000000000000003e-05
126	6	1006	0.30855920910835266	87.5	100.0	1.0000000000000003e-05
126	7	1007	0.2616061270236969	90.625	100.0	1.0000000000000003e-05
126	8	1008	0.4110482633113861	76.9230728149414	100.0	1.0000000000000003e-05
127	1	1009	0.703710675239563	87.5	100.0	1.0000000000000003e-05
127	2	1010	0.238193079829216	90.625	100.0	1.0000000000000003e-05
127	3	1011	0.43442589044570923	85.9375	100.0	1.0000000000000003e-05
127	4	1012	0.23419401049613953	95.3125	100.0	1.0000000000000003e-05
127	5	1013	0.2133147269487381	92.1875	100.0	1.0000000000000003e-05
127	6	1014	0.29299306869506836	89.0625	100.0	1.0000000000000003e-05
127	7	1015	0.2751353979110718	89.0625	100.0	1.0000000000000003e-05
127	8	1016	1.0228185653686523	76.9230728149414	100.0	1.0000000000000003e-05
128	1	1017	0.31430894136428833	82.8125	100.0	1.0000000000000003e-05
128	2	1018	0.23186293244361877	90.625	100.0	1.0000000000000003e-05
128	3	1019	0.251657634973526	90.625	100.0	1.0000000000000003e-05
128	4	1020	0.35183918476104736	89.0625	100.0	1.0000000000000003e-05
128	5	1021	0.19651126861572266	93.75	100.0	1.0000000000000003e-05
128	6	1022	0.2764374315738678	90.625	100.0	1.0000000000000003e-05
128	7	1023	0.3581068813800812	87.5	100.0	1.0000000000000003e-05
128	8	1024	0.6996297836303711	61.53845977783203	100.0	1.0000000000000003e-05
129	1	1025	0.4047940969467163	82.8125	100.0	1.0000000000000003e-05
129	2	1026	0.3395448327064514	82.8125	100.0	1.0000000000000003e-05
129	3	1027	0.18583226203918457	93.75	100.0	1.0000000000000003e-05
129	4	1028	0.18373706936836243	96.875	100.0	1.0000000000000003e-05
129	5	1029	0.40787258744239807	87.5	100.0	1.0000000000000003e-05
129	6	1030	0.24188180267810822	90.625	100.0	1.0000000000000003e-05
129	7	1031	0.22994573414325714	95.3125	100.0	1.0000000000000003e-05
129	8	1032	2.3689160346984863	69.23076629638672	100.0	1.0000000000000003e-05
130	1	1033	0.270201712846756	90.625	100.0	1.0000000000000003e-05
130	2	1034	0.3557971715927124	87.5	100.0	1.0000000000000003e-05
130	3	1035	0.33033519983291626	90.625	100.0	1.0000000000000003e-05
130	4	1036	0.3206862211227417	89.0625	100.0	1.0000000000000003e-05
130	5	1037	0.2907414734363556	89.0625	100.0	1.0000000000000003e-05
130	6	1038	0.22554239630699158	90.625	100.0	1.0000000000000003e-05
130	7	1039	0.302466481924057	90.625	100.0	1.0000000000000003e-05
130	8	1040	0.4477376639842987	84.6153793334961	100.0	1.0000000000000003e-05
131	1	1041	0.27479639649391174	92.1875	100.0	1.0000000000000003e-05
131	2	1042	0.2303500771522522	92.1875	100.0	1.0000000000000003e-05
131	3	1043	0.19247490167617798	92.1875	100.0	1.0000000000000003e-05
131	4	1044	0.40862011909484863	87.5	100.0	1.0000000000000003e-05
131	5	1045	0.3474070429801941	90.625	100.0	1.0000000000000003e-05
131	6	1046	0.2817543148994446	87.5	100.0	1.0000000000000003e-05
131	7	1047	0.23396417498588562	90.625	100.0	1.0000000000000003e-05
131	8	1048	0.16216517984867096	100.0	100.0	1.0000000000000003e-05
132	1	1049	0.16768471896648407	95.3125	100.0	1.0000000000000003e-05
132	2	1050	0.18394270539283752	93.75	100.0	1.0000000000000003e-05
132	3	1051	0.2853388786315918	90.625	100.0	1.0000000000000003e-05
132	4	1052	0.2346510887145996	93.75	100.0	1.0000000000000003e-05
132	5	1053	0.2537493407726288	89.0625	100.0	1.0000000000000003e-05
132	6	1054	0.48119020462036133	89.0625	100.0	1.0000000000000003e-05
132	7	1055	0.2315378189086914	89.0625	100.0	1.0000000000000003e-05
132	8	1056	0.19741854071617126	100.0	100.0	1.0000000000000003e-05
133	1	1057	0.31941723823547363	89.0625	100.0	1.0000000000000003e-05
133	2	1058	0.4035923480987549	90.625	100.0	1.0000000000000003e-05
133	3	1059	0.3170841336250305	92.1875	100.0	1.0000000000000003e-05
133	4	1060	0.3217868506908417	85.9375	100.0	1.0000000000000003e-05
133	5	1061	0.2960233688354492	90.625	100.0	1.0000000000000003e-05
133	6	1062	0.24985608458518982	92.1875	100.0	1.0000000000000003e-05
133	7	1063	0.25428029894828796	89.0625	100.0	1.0000000000000003e-05
133	8	1064	1.433579921722412	53.846153259277344	100.0	1.0000000000000003e-05
134	1	1065	0.26799023151397705	89.0625	100.0	1.0000000000000003e-05
134	2	1066	0.2654547095298767	87.5	100.0	1.0000000000000003e-05
134	3	1067	0.22814124822616577	93.75	100.0	1.0000000000000003e-05
134	4	1068	0.3245428800582886	82.8125	100.0	1.0000000000000003e-05
134	5	1069	0.18583577871322632	95.3125	100.0	1.0000000000000003e-05
134	6	1070	0.16116489470005035	92.1875	100.0	1.0000000000000003e-05
134	7	1071	0.2972356677055359	89.0625	100.0	1.0000000000000003e-05
134	8	1072	0.7015434503555298	69.23076629638672	100.0	1.0000000000000003e-05
135	1	1073	0.23751521110534668	90.625	100.0	1.0000000000000003e-05
135	2	1074	0.44594448804855347	82.8125	100.0	1.0000000000000003e-05
135	3	1075	0.2531087398529053	87.5	100.0	1.0000000000000003e-05
135	4	1076	0.19803233444690704	90.625	100.0	1.0000000000000003e-05
135	5	1077	0.18003612756729126	96.875	100.0	1.0000000000000003e-05
135	6	1078	0.2944786846637726	89.0625	100.0	1.0000000000000003e-05
135	7	1079	0.224460169672966	92.1875	100.0	1.0000000000000003e-05
135	8	1080	1.2236390113830566	61.53845977783203	100.0	1.0000000000000003e-05
136	1	1081	0.2817671298980713	85.9375	100.0	1.0000000000000003e-05
136	2	1082	0.2484365999698639	92.1875	100.0	1.0000000000000003e-05
136	3	1083	0.2002047598361969	95.3125	100.0	1.0000000000000003e-05
136	4	1084	0.2791069447994232	93.75	100.0	1.0000000000000003e-05
136	5	1085	0.39695462584495544	84.375	100.0	1.0000000000000003e-05
136	6	1086	0.23337484896183014	95.3125	100.0	1.0000000000000003e-05
136	7	1087	0.2115950733423233	95.3125	100.0	1.0000000000000003e-05
136	8	1088	0.9299308061599731	76.9230728149414	100.0	1.0000000000000003e-05
137	1	1089	0.3867630660533905	85.9375	100.0	1.0000000000000003e-05
137	2	1090	0.11856434494256973	98.4375	100.0	1.0000000000000003e-05
137	3	1091	0.22360259294509888	92.1875	100.0	1.0000000000000003e-05
137	4	1092	0.29761171340942383	89.0625	100.0	1.0000000000000003e-05
137	5	1093	0.3328291177749634	89.0625	100.0	1.0000000000000003e-05
137	6	1094	0.26942700147628784	89.0625	100.0	1.0000000000000003e-05
137	7	1095	0.3702645003795624	85.9375	100.0	1.0000000000000003e-05
137	8	1096	0.15911760926246643	100.0	100.0	1.0000000000000003e-05
138	1	1097	0.2665036618709564	89.0625	100.0	1.0000000000000003e-05
138	2	1098	0.2828822433948517	85.9375	100.0	1.0000000000000003e-05
138	3	1099	0.23483388125896454	90.625	100.0	1.0000000000000003e-05
138	4	1100	0.21849848330020905	93.75	100.0	1.0000000000000003e-05
138	5	1101	0.2829216718673706	89.0625	100.0	1.0000000000000003e-05
138	6	1102	0.23045063018798828	87.5	100.0	1.0000000000000003e-05
138	7	1103	0.18032625317573547	92.1875	100.0	1.0000000000000003e-05
138	8	1104	0.9787190556526184	76.9230728149414	100.0	1.0000000000000003e-05
139	1	1105	0.28517743945121765	89.0625	100.0	1.0000000000000003e-05
139	2	1106	0.15763558447360992	95.3125	100.0	1.0000000000000003e-05
139	3	1107	0.47544199228286743	82.8125	100.0	1.0000000000000003e-05
139	4	1108	0.25660037994384766	90.625	100.0	1.0000000000000003e-05
139	5	1109	0.30969861149787903	87.5	100.0	1.0000000000000003e-05
139	6	1110	0.2047024518251419	95.3125	100.0	1.0000000000000003e-05
139	7	1111	0.18167917430400848	93.75	100.0	1.0000000000000003e-05
139	8	1112	0.5625644326210022	84.6153793334961	100.0	1.0000000000000003e-05
140	1	1113	0.24356898665428162	90.625	100.0	1.0000000000000003e-05
140	2	1114	0.3152517080307007	93.75	100.0	1.0000000000000003e-05
140	3	1115	0.24476510286331177	87.5	100.0	1.0000000000000003e-05
140	4	1116	0.4251229465007782	79.6875	100.0	1.0000000000000003e-05
140	5	1117	0.24427860975265503	90.625	100.0	1.0000000000000003e-05
140	6	1118	0.32618021965026855	89.0625	100.0	1.0000000000000003e-05
140	7	1119	0.282718300819397	87.5	100.0	1.0000000000000003e-05
140	8	1120	0.22975358366966248	92.30769348144531	100.0	1.0000000000000003e-05
141	1	1121	0.38936105370521545	85.9375	100.0	1.0000000000000003e-05
141	2	1122	0.47495031356811523	82.8125	100.0	1.0000000000000003e-05
141	3	1123	0.36107414960861206	85.9375	100.0	1.0000000000000003e-05
141	4	1124	0.32996800541877747	87.5	100.0	1.0000000000000003e-05
141	5	1125	0.17890092730522156	93.75	100.0	1.0000000000000003e-05
141	6	1126	0.39476776123046875	85.9375	100.0	1.0000000000000003e-05
141	7	1127	0.2647351920604706	92.1875	100.0	1.0000000000000003e-05
141	8	1128	1.7901129722595215	61.53845977783203	100.0	1.0000000000000003e-05
142	1	1129	0.19023895263671875	96.875	100.0	1.0000000000000003e-05
142	2	1130	0.2814199924468994	90.625	100.0	1.0000000000000003e-05
142	3	1131	0.15919965505599976	96.875	100.0	1.0000000000000003e-05
142	4	1132	0.29139021039009094	92.1875	100.0	1.0000000000000003e-05
142	5	1133	0.34775909781455994	85.9375	100.0	1.0000000000000003e-05
142	6	1134	0.45873895287513733	84.375	100.0	1.0000000000000003e-05
142	7	1135	0.37443551421165466	92.1875	100.0	1.0000000000000003e-05
142	8	1136	0.7211856842041016	76.9230728149414	100.0	1.0000000000000003e-05
143	1	1137	0.3568853437900543	89.0625	100.0	1.0000000000000003e-05
143	2	1138	0.434279203414917	81.25	100.0	1.0000000000000003e-05
143	3	1139	0.23572653532028198	92.1875	100.0	1.0000000000000003e-05
143	4	1140	0.2152097374200821	93.75	100.0	1.0000000000000003e-05
143	5	1141	0.36868181824684143	85.9375	100.0	1.0000000000000003e-05
143	6	1142	0.31257709860801697	90.625	100.0	1.0000000000000003e-05
143	7	1143	0.33703458309173584	85.9375	100.0	1.0000000000000003e-05
143	8	1144	0.11051078140735626	100.0	100.0	1.0000000000000003e-05
144	1	1145	0.5546573996543884	87.5	100.0	1.0000000000000003e-05
144	2	1146	0.12665726244449615	98.4375	100.0	1.0000000000000003e-05
144	3	1147	0.48880821466445923	79.6875	100.0	1.0000000000000003e-05
144	4	1148	0.2885364592075348	90.625	100.0	1.0000000000000003e-05
144	5	1149	0.36522015929222107	90.625	100.0	1.0000000000000003e-05
144	6	1150	0.25253626704216003	92.1875	100.0	1.0000000000000003e-05
144	7	1151	0.23397256433963776	90.625	100.0	1.0000000000000003e-05
144	8	1152	0.3358636498451233	92.30769348144531	100.0	1.0000000000000003e-05
145	1	1153	0.45613229274749756	85.9375	100.0	1.0000000000000003e-05
145	2	1154	0.30021220445632935	90.625	100.0	1.0000000000000003e-05
145	3	1155	0.14105236530303955	96.875	100.0	1.0000000000000003e-05
145	4	1156	0.1567380428314209	95.3125	100.0	1.0000000000000003e-05
145	5	1157	0.30840805172920227	92.1875	100.0	1.0000000000000003e-05
145	6	1158	0.40206241607666016	84.375	100.0	1.0000000000000003e-05
145	7	1159	0.2299898862838745	89.0625	100.0	1.0000000000000003e-05
145	8	1160	0.9041223526000977	69.23076629638672	100.0	1.0000000000000003e-05
146	1	1161	0.20619000494480133	93.75	100.0	1.0000000000000003e-05
146	2	1162	0.3490806221961975	89.0625	100.0	1.0000000000000003e-05
146	3	1163	0.3948620557785034	89.0625	100.0	1.0000000000000003e-05
146	4	1164	0.19483500719070435	92.1875	100.0	1.0000000000000003e-05
146	5	1165	0.26032185554504395	93.75	100.0	1.0000000000000003e-05
146	6	1166	0.303176611661911	89.0625	100.0	1.0000000000000003e-05
146	7	1167	0.33973294496536255	89.0625	100.0	1.0000000000000003e-05
146	8	1168	0.17881867289543152	100.0	100.0	1.0000000000000003e-05
147	1	1169	0.1871396154165268	95.3125	100.0	1.0000000000000003e-05
147	2	1170	0.18090316653251648	92.1875	100.0	1.0000000000000003e-05
147	3	1171	0.2707696855068207	87.5	100.0	1.0000000000000003e-05
147	4	1172	0.2347782999277115	90.625	100.0	1.0000000000000003e-05
147	5	1173	0.15459510684013367	95.3125	100.0	1.0000000000000003e-05
147	6	1174	0.33306625485420227	87.5	100.0	1.0000000000000003e-05
147	7	1175	0.3940339684486389	87.5	100.0	1.0000000000000003e-05
147	8	1176	0.967533528804779	84.6153793334961	100.0	1.0000000000000003e-05
148	1	1177	0.1499360352754593	96.875	100.0	1.0000000000000003e-05
148	2	1178	0.2398606538772583	92.1875	100.0	1.0000000000000003e-05
148	3	1179	0.16643619537353516	96.875	100.0	1.0000000000000003e-05
148	4	1180	0.29508158564567566	90.625	100.0	1.0000000000000003e-05
148	5	1181	0.3046111762523651	90.625	100.0	1.0000000000000003e-05
148	6	1182	0.22704286873340607	90.625	100.0	1.0000000000000003e-05
148	7	1183	0.382842093706131	89.0625	100.0	1.0000000000000003e-05
148	8	1184	0.228692427277565	92.30769348144531	100.0	1.0000000000000003e-05
149	1	1185	0.3094084560871124	89.0625	100.0	1.0000000000000003e-05
149	2	1186	0.11768218874931335	96.875	100.0	1.0000000000000003e-05
149	3	1187	0.32808977365493774	84.375	100.0	1.0000000000000003e-05
149	4	1188	0.2751270532608032	92.1875	100.0	1.0000000000000003e-05
149	5	1189	0.22462846338748932	90.625	100.0	1.0000000000000003e-05
149	6	1190	0.5205783247947693	79.6875	100.0	1.0000000000000003e-05
149	7	1191	0.2985338270664215	92.1875	100.0	1.0000000000000003e-05
149	8	1192	1.0604370832443237	76.9230728149414	100.0	1.0000000000000003e-05
150	1	1193	0.22713404893875122	93.75	100.0	1.0000000000000003e-05
150	2	1194	0.25280967354774475	90.625	100.0	1.0000000000000003e-05
150	3	1195	0.1814727485179901	92.1875	100.0	1.0000000000000003e-05
150	4	1196	0.3649316430091858	89.0625	100.0	1.0000000000000003e-05
150	5	1197	0.5005541443824768	79.6875	100.0	1.0000000000000003e-05
150	6	1198	0.25518158078193665	92.1875	100.0	1.0000000000000003e-05
150	7	1199	0.1756322830915451	93.75	100.0	1.0000000000000003e-05
150	8	1200	0.36538633704185486	84.6153793334961	100.0	1.0000000000000003e-05
151	1	1201	0.15127043426036835	95.3125	100.0	1.0000000000000003e-05
151	2	1202	0.5563807487487793	76.5625	100.0	1.0000000000000003e-05
151	3	1203	0.33772972226142883	90.625	100.0	1.0000000000000003e-05
151	4	1204	0.42811089754104614	79.6875	100.0	1.0000000000000003e-05
151	5	1205	0.2662394940853119	92.1875	100.0	1.0000000000000003e-05
151	6	1206	0.22303327918052673	92.1875	100.0	1.0000000000000003e-05
151	7	1207	0.34473273158073425	89.0625	100.0	1.0000000000000003e-05
151	8	1208	0.5932402610778809	84.6153793334961	100.0	1.0000000000000003e-05
152	1	1209	0.3109687268733978	89.0625	100.0	1.0000000000000003e-05
152	2	1210	0.2366490364074707	90.625	100.0	1.0000000000000003e-05
152	3	1211	0.30612149834632874	90.625	100.0	1.0000000000000003e-05
152	4	1212	0.19040049612522125	92.1875	100.0	1.0000000000000003e-05
152	5	1213	0.20053920149803162	93.75	100.0	1.0000000000000003e-05
152	6	1214	0.1416999250650406	96.875	100.0	1.0000000000000003e-05
152	7	1215	0.1843784749507904	95.3125	100.0	1.0000000000000003e-05
152	8	1216	0.22470055520534515	92.30769348144531	100.0	1.0000000000000003e-05
153	1	1217	0.35756587982177734	89.0625	100.0	1.0000000000000003e-05
153	2	1218	0.20355454087257385	96.875	100.0	1.0000000000000003e-05
153	3	1219	0.26441076397895813	90.625	100.0	1.0000000000000003e-05
153	4	1220	0.3170923888683319	90.625	100.0	1.0000000000000003e-05
153	5	1221	0.25257155299186707	90.625	100.0	1.0000000000000003e-05
153	6	1222	0.2807428240776062	87.5	100.0	1.0000000000000003e-05
153	7	1223	0.312625527381897	87.5	100.0	1.0000000000000003e-05
153	8	1224	1.6844077110290527	46.153846740722656	100.0	1.0000000000000003e-05
154	1	1225	0.3036431074142456	89.0625	100.0	1.0000000000000003e-05
154	2	1226	0.4390953481197357	89.0625	100.0	1.0000000000000003e-05
154	3	1227	0.15392042696475983	95.3125	100.0	1.0000000000000003e-05
154	4	1228	0.19668632745742798	92.1875	100.0	1.0000000000000003e-05
154	5	1229	0.23168769478797913	92.1875	100.0	1.0000000000000003e-05
154	6	1230	0.5459319353103638	84.375	100.0	1.0000000000000003e-05
154	7	1231	0.3608893156051636	85.9375	100.0	1.0000000000000003e-05
154	8	1232	0.6720331907272339	69.23076629638672	100.0	1.0000000000000003e-05
155	1	1233	0.22719497978687286	92.1875	100.0	1.0000000000000003e-05
155	2	1234	0.2554956078529358	90.625	100.0	1.0000000000000003e-05
155	3	1235	0.2240385115146637	89.0625	100.0	1.0000000000000003e-05
155	4	1236	0.3771112561225891	89.0625	100.0	1.0000000000000003e-05
155	5	1237	0.2229592651128769	92.1875	100.0	1.0000000000000003e-05
155	6	1238	0.1838846057653427	95.3125	100.0	1.0000000000000003e-05
155	7	1239	0.30410242080688477	90.625	100.0	1.0000000000000003e-05
155	8	1240	1.021820068359375	69.23076629638672	100.0	1.0000000000000003e-05
156	1	1241	0.15761588513851166	93.75	100.0	1.0000000000000003e-05
156	2	1242	0.241339311003685	93.75	100.0	1.0000000000000003e-05
156	3	1243	0.3954043686389923	89.0625	100.0	1.0000000000000003e-05
156	4	1244	0.2632245719432831	87.5	100.0	1.0000000000000003e-05
156	5	1245	0.41279152035713196	85.9375	100.0	1.0000000000000003e-05
156	6	1246	0.18523354828357697	95.3125	100.0	1.0000000000000003e-05
156	7	1247	0.28400367498397827	90.625	100.0	1.0000000000000003e-05
156	8	1248	0.6853234767913818	69.23076629638672	100.0	1.0000000000000003e-05
157	1	1249	0.21734347939491272	95.3125	100.0	1.0000000000000003e-05
157	2	1250	0.19495858252048492	95.3125	100.0	1.0000000000000003e-05
157	3	1251	0.15023382008075714	95.3125	100.0	1.0000000000000003e-05
157	4	1252	0.15576273202896118	96.875	100.0	1.0000000000000003e-05
157	5	1253	0.18288938701152802	95.3125	100.0	1.0000000000000003e-05
157	6	1254	0.3067483901977539	92.1875	100.0	1.0000000000000003e-05
157	7	1255	0.2811494469642639	89.0625	100.0	1.0000000000000003e-05
157	8	1256	0.6775778532028198	84.6153793334961	100.0	1.0000000000000003e-05
158	1	1257	0.36047059297561646	82.8125	100.0	1.0000000000000003e-05
158	2	1258	0.2069624960422516	93.75	100.0	1.0000000000000003e-05
158	3	1259	0.265876829624176	84.375	100.0	1.0000000000000003e-05
158	4	1260	0.35407716035842896	87.5	100.0	1.0000000000000003e-05
158	5	1261	0.1839372217655182	93.75	100.0	1.0000000000000003e-05
158	6	1262	0.24473540484905243	93.75	100.0	1.0000000000000003e-05
158	7	1263	0.5317442417144775	82.8125	100.0	1.0000000000000003e-05
158	8	1264	0.3480716049671173	84.6153793334961	100.0	1.0000000000000003e-05
159	1	1265	0.2602476477622986	89.0625	100.0	1.0000000000000003e-05
159	2	1266	0.30571937561035156	89.0625	100.0	1.0000000000000003e-05
159	3	1267	0.23270922899246216	93.75	100.0	1.0000000000000003e-05
159	4	1268	0.27148258686065674	90.625	100.0	1.0000000000000003e-05
159	5	1269	0.24663741886615753	92.1875	100.0	1.0000000000000003e-05
159	6	1270	0.2824345529079437	92.1875	100.0	1.0000000000000003e-05
159	7	1271	0.2364240139722824	90.625	100.0	1.0000000000000003e-05
159	8	1272	0.12703612446784973	100.0	100.0	1.0000000000000003e-05
160	1	1273	0.10048726201057434	96.875	100.0	1.0000000000000003e-05
160	2	1274	0.19218558073043823	92.1875	100.0	1.0000000000000003e-05
160	3	1275	0.20365673303604126	90.625	100.0	1.0000000000000003e-05
160	4	1276	0.24170273542404175	90.625	100.0	1.0000000000000003e-05
160	5	1277	0.30870819091796875	89.0625	100.0	1.0000000000000003e-05
160	6	1278	0.2901539206504822	87.5	100.0	1.0000000000000003e-05
160	7	1279	0.2157658040523529	92.1875	100.0	1.0000000000000003e-05
160	8	1280	0.11637651920318604	100.0	100.0	1.0000000000000003e-05
161	1	1281	0.3678607642650604	81.25	100.0	1.0000000000000003e-05
161	2	1282	0.24323828518390656	96.875	100.0	1.0000000000000003e-05
161	3	1283	0.17295138537883759	92.1875	100.0	1.0000000000000003e-05
161	4	1284	0.24323323369026184	89.0625	100.0	1.0000000000000003e-05
161	5	1285	0.32247859239578247	87.5	100.0	1.0000000000000003e-05
161	6	1286	0.2689201235771179	90.625	100.0	1.0000000000000003e-05
161	7	1287	0.2676263153553009	90.625	100.0	1.0000000000000003e-05
161	8	1288	0.1645984798669815	100.0	100.0	1.0000000000000003e-05
162	1	1289	0.2895866334438324	92.1875	100.0	1.0000000000000003e-05
162	2	1290	0.2126520723104477	92.1875	100.0	1.0000000000000003e-05
162	3	1291	0.35010969638824463	87.5	100.0	1.0000000000000003e-05
162	4	1292	0.2779507339000702	85.9375	100.0	1.0000000000000003e-05
162	5	1293	0.3780001997947693	89.0625	100.0	1.0000000000000003e-05
162	6	1294	0.30479317903518677	92.1875	100.0	1.0000000000000003e-05
162	7	1295	0.26726260781288147	85.9375	100.0	1.0000000000000003e-05
162	8	1296	0.7573195099830627	84.6153793334961	100.0	1.0000000000000003e-05
163	1	1297	0.2825542986392975	87.5	100.0	1.0000000000000003e-05
163	2	1298	0.2754291892051697	89.0625	100.0	1.0000000000000003e-05
163	3	1299	0.26749417185783386	89.0625	100.0	1.0000000000000003e-05
163	4	1300	0.18699069321155548	95.3125	100.0	1.0000000000000003e-05
163	5	1301	0.1589220017194748	96.875	100.0	1.0000000000000003e-05
163	6	1302	0.23183147609233856	95.3125	100.0	1.0000000000000003e-05
163	7	1303	0.25784680247306824	89.0625	100.0	1.0000000000000003e-05
163	8	1304	0.7018945217132568	69.23076629638672	100.0	1.0000000000000003e-05
164	1	1305	0.19401441514492035	93.75	100.0	1.0000000000000003e-05
164	2	1306	0.3303107023239136	89.0625	100.0	1.0000000000000003e-05
164	3	1307	0.21985134482383728	89.0625	100.0	1.0000000000000003e-05
164	4	1308	0.24622829258441925	90.625	100.0	1.0000000000000003e-05
164	5	1309	0.5736192464828491	82.8125	100.0	1.0000000000000003e-05
164	6	1310	0.5335902571678162	78.125	100.0	1.0000000000000003e-05
164	7	1311	0.40796706080436707	87.5	100.0	1.0000000000000003e-05
164	8	1312	0.4380262494087219	92.30769348144531	100.0	1.0000000000000003e-05
165	1	1313	0.2565394937992096	92.1875	100.0	1.0000000000000003e-05
165	2	1314	0.36836928129196167	87.5	100.0	1.0000000000000003e-05
165	3	1315	0.33356019854545593	90.625	100.0	1.0000000000000003e-05
165	4	1316	0.33916449546813965	84.375	100.0	1.0000000000000003e-05
165	5	1317	0.28796520829200745	90.625	100.0	1.0000000000000003e-05
165	6	1318	0.41182181239128113	81.25	100.0	1.0000000000000003e-05
165	7	1319	0.36711424589157104	89.0625	100.0	1.0000000000000003e-05
165	8	1320	0.5575768947601318	84.6153793334961	100.0	1.0000000000000003e-05
166	1	1321	0.202797070145607	92.1875	100.0	1.0000000000000003e-05
166	2	1322	0.2644679546356201	92.1875	100.0	1.0000000000000003e-05
166	3	1323	0.26167285442352295	92.1875	100.0	1.0000000000000003e-05
166	4	1324	0.2630375623703003	93.75	100.0	1.0000000000000003e-05
166	5	1325	0.26026731729507446	92.1875	100.0	1.0000000000000003e-05
166	6	1326	0.27699384093284607	90.625	100.0	1.0000000000000003e-05
166	7	1327	0.2283032387495041	90.625	100.0	1.0000000000000003e-05
166	8	1328	0.36125648021698	84.6153793334961	100.0	1.0000000000000003e-05
167	1	1329	0.21048615872859955	92.1875	100.0	1.0000000000000003e-05
167	2	1330	0.31249070167541504	85.9375	100.0	1.0000000000000003e-05
167	3	1331	0.3556114733219147	84.375	100.0	1.0000000000000003e-05
167	4	1332	0.2829444110393524	93.75	100.0	1.0000000000000003e-05
167	5	1333	0.32357096672058105	85.9375	100.0	1.0000000000000003e-05
167	6	1334	0.26902326941490173	90.625	100.0	1.0000000000000003e-05
167	7	1335	0.3081090450286865	90.625	100.0	1.0000000000000003e-05
167	8	1336	1.4299228191375732	53.846153259277344	100.0	1.0000000000000003e-05
168	1	1337	0.16128024458885193	93.75	100.0	1.0000000000000003e-05
168	2	1338	0.25006920099258423	89.0625	100.0	1.0000000000000003e-05
168	3	1339	0.259199857711792	93.75	100.0	1.0000000000000003e-05
168	4	1340	0.31144797801971436	89.0625	100.0	1.0000000000000003e-05
168	5	1341	0.24180258810520172	90.625	100.0	1.0000000000000003e-05
168	6	1342	0.47653907537460327	82.8125	100.0	1.0000000000000003e-05
168	7	1343	0.2711343765258789	92.1875	100.0	1.0000000000000003e-05
168	8	1344	0.41155296564102173	76.9230728149414	100.0	1.0000000000000003e-05
169	1	1345	0.0834100991487503	100.0	100.0	1.0000000000000003e-05
169	2	1346	0.17240571975708008	96.875	100.0	1.0000000000000003e-05
169	3	1347	0.3930755853652954	79.6875	100.0	1.0000000000000003e-05
169	4	1348	0.2485443651676178	90.625	100.0	1.0000000000000003e-05
169	5	1349	0.2911231517791748	89.0625	100.0	1.0000000000000003e-05
169	6	1350	0.2826225161552429	89.0625	100.0	1.0000000000000003e-05
169	7	1351	0.3860338032245636	89.0625	100.0	1.0000000000000003e-05
169	8	1352	0.09662294387817383	100.0	100.0	1.0000000000000003e-05
170	1	1353	0.1956963837146759	92.1875	100.0	1.0000000000000003e-05
170	2	1354	0.47080525755882263	85.9375	100.0	1.0000000000000003e-05
170	3	1355	0.3006765842437744	87.5	100.0	1.0000000000000003e-05
170	4	1356	0.33660662174224854	87.5	100.0	1.0000000000000003e-05
170	5	1357	0.3723127543926239	82.8125	100.0	1.0000000000000003e-05
170	6	1358	0.2682948410511017	90.625	100.0	1.0000000000000003e-05
170	7	1359	0.18932092189788818	93.75	100.0	1.0000000000000003e-05
170	8	1360	0.267629474401474	84.6153793334961	100.0	1.0000000000000003e-05
171	1	1361	0.395251989364624	85.9375	100.0	1.0000000000000003e-05
171	2	1362	0.38073670864105225	84.375	100.0	1.0000000000000003e-05
171	3	1363	0.2606692910194397	93.75	100.0	1.0000000000000003e-05
171	4	1364	0.14534114301204681	96.875	100.0	1.0000000000000003e-05
171	5	1365	0.18375392258167267	95.3125	100.0	1.0000000000000003e-05
171	6	1366	0.14783890545368195	96.875	100.0	1.0000000000000003e-05
171	7	1367	0.28244245052337646	92.1875	100.0	1.0000000000000003e-05
171	8	1368	0.8316024541854858	69.23076629638672	100.0	1.0000000000000003e-05
172	1	1369	0.24750815331935883	92.1875	100.0	1.0000000000000003e-05
172	2	1370	0.3214796483516693	87.5	100.0	1.0000000000000003e-05
172	3	1371	0.21891126036643982	92.1875	100.0	1.0000000000000003e-05
172	4	1372	0.2504206597805023	89.0625	100.0	1.0000000000000003e-05
172	5	1373	0.2694629430770874	93.75	100.0	1.0000000000000003e-05
172	6	1374	0.25934016704559326	92.1875	100.0	1.0000000000000003e-05
172	7	1375	0.217275470495224	95.3125	100.0	1.0000000000000003e-05
172	8	1376	0.7904559373855591	69.23076629638672	100.0	1.0000000000000003e-05
